<?xml version="1.0" encoding="UTF-8"?>
<!-- Generated by org.testng.reporters.JUnitXMLReporter -->
<testsuite hostname="jhamil-pc" ignored="0" name="Surefire test" tests="10" failures="0" timestamp="11 feb 2021 22:40:25 GMT" time="49.1" errors="0">
  <testcase name="testAdd" time="4.434" classname="com.example.service.CalculateSimpleNGTest"/>
  <testcase name="testClear1" time="4.246" classname="com.example.service.CalculateSimpleNGTest"/>
  <testcase name="testClear2" time="4.199" classname="com.example.service.CalculateSimpleNGTest"/>
  <testcase name="testDivide" time="4.359" classname="com.example.service.CalculateSimpleNGTest"/>
  <testcase name="testFactorial" time="4.313" classname="com.example.service.CalculateSimpleNGTest"/>
  <testcase name="testFibonacci" time="4.286" classname="com.example.service.CalculateSimpleNGTest"/>
  <testcase name="testMultiply" time="4.397" classname="com.example.service.CalculateSimpleNGTest"/>
  <testcase name="testPower" time="4.34" classname="com.example.service.CalculateSimpleNGTest"/>
  <testcase name="testSqrt" time="4.282" classname="com.example.service.CalculateSimpleNGTest"/>
  <testcase name="testSubstract" time="4.326" classname="com.example.service.CalculateSimpleNGTest"/>
</testsuite> <!-- Surefire test -->
