<?xml version="1.0" encoding="UTF-8"?>
<!-- Generated by org.testng.reporters.JUnitXMLReporter -->
<testsuite hostname="jhamil-pc" ignored="0" name="Surefire test" tests="8" failures="0" timestamp="11 feb 2021 21:40:01 GMT" time="0.091" errors="0">
  <testcase name="testAdd on testAdd(com.example.service.CalculateSimpleTest)" time="0.022" classname="com.example.service.CalculateSimpleTest"/>
  <testcase name="testPower on testPower(com.example.service.CalculateSimpleTest)" time="0.024" classname="com.example.service.CalculateSimpleTest"/>
  <testcase name="testSqrt on testSqrt(com.example.service.CalculateSimpleTest)" time="0.026" classname="com.example.service.CalculateSimpleTest"/>
  <testcase name="testFactorial on testFactorial(com.example.service.CalculateSimpleTest)" time="0.027" classname="com.example.service.CalculateSimpleTest"/>
  <testcase name="testFibonacci on testFibonacci(com.example.service.CalculateSimpleTest)" time="0.027" classname="com.example.service.CalculateSimpleTest"/>
  <testcase name="testSubstract on testSubstract(com.example.service.CalculateSimpleTest)" time="0.027" classname="com.example.service.CalculateSimpleTest"/>
  <testcase name="testDivide on testDivide(com.example.service.CalculateSimpleTest)" time="0.027" classname="com.example.service.CalculateSimpleTest"/>
  <testcase name="testMultiply on testMultiply(com.example.service.CalculateSimpleTest)" time="0.026" classname="com.example.service.CalculateSimpleTest"/>
</testsuite> <!-- Surefire test -->
