<?xml version="1.0" encoding="UTF-8"?>
<testsuite name="TestSuite" time="0.806" tests="10" errors="0" skipped="0" failures="2">
  <properties>
[...]
</properties>
  <testcase name="testAdd" classname="com.example.service.CalculateSimpleNGTest" time="0.794">
    <failure message="no such element: Unable to locate element: {&quot;method&quot;:&quot;xpath&quot;,&quot;selector&quot;:&quot;/html/body/form/h1[2]/p&quot;}&#10;  (Session info: chrome=88.0.4324.150)&#10;  (Driver info: chromedriver=88.0.4324.96 (68dba2d8a0b149a1d3afac56fa74648032bcf46b-refs/branch-heads/4324@{#1784}),platform=Linux 5.9.16-1-MANJARO x86_64) (WARNING: The server did not provide any stacktrace information)&#10;Command duration or timeout: 31 milliseconds&#10;For documentation on this error, please visit: http://seleniumhq.org/exceptions/no_such_element.html&#10;Build info: version: &apos;2.53.1&apos;, revision: &apos;a36b8b1cd5757287168e54b817830adce9b0158d&apos;, time: &apos;2016-06-30 19:26:09&apos;&#10;System info: host: &apos;jhamil-pc&apos;, ip: &apos;127.0.1.1&apos;, os.name: &apos;Linux&apos;, os.arch: &apos;amd64&apos;, os.version: &apos;5.9.16-1-MANJARO&apos;, java.version: &apos;1.8.0_265&apos;&#10;Driver info: org.openqa.selenium.chrome.ChromeDriver&#10;Capabilities [{mobileEmulationEnabled=false, timeouts={implicit=0, pageLoad=300000, script=30000}, hasTouchScreen=false, platform=LINUX, acceptSslCerts=false, goog:chromeOptions={debuggerAddress=localhost:39987}, acceptInsecureCerts=false, webStorageEnabled=true, browserName=chrome, takesScreenshot=true, javascriptEnabled=true, setWindowRect=true, webauthn:extension:largeBlob=true, unexpectedAlertBehaviour=ignore, applicationCacheEnabled=false, rotatable=false, networkConnectionEnabled=false, chrome={chromedriverVersion=88.0.4324.96 (68dba2d8a0b149a1d3afac56fa74648032bcf46b-refs/branch-heads/4324@{#1784}), userDataDir=/tmp/.com.google.Chrome.CZMIql}, takesHeapSnapshot=true, pageLoadStrategy=normal, strictFileInteractability=false, databaseEnabled=false, handlesAlerts=true, version=88.0.4324.150, browserConnectionEnabled=false, proxy={}, nativeEvents=true, locationContextEnabled=true, cssSelectorsEnabled=true, webauthn:virtualAuthenticators=true}]&#10;Session ID: 0fdeb22b54d425f202d83a1ed3ff2bcd&#10;*** Element info: {Using=xpath, value=/html/body/form/h1[2]/p}" type="org.openqa.selenium.NoSuchElementException">org.openqa.selenium.NoSuchElementException: no such element: Unable to locate element: {"method":"xpath","selector":"/html/body/form/h1[2]/p"}
  (Session info: chrome=88.0.4324.150)
  (Driver info: chromedriver=88.0.4324.96 (68dba2d8a0b149a1d3afac56fa74648032bcf46b-refs/branch-heads/4324@{#1784}),platform=Linux 5.9.16-1-MANJARO x86_64) (WARNING: The server did not provide any stacktrace information)
Command duration or timeout: 31 milliseconds
For documentation on this error, please visit: http://seleniumhq.org/exceptions/no_such_element.html
Build info: version: '2.53.1', revision: 'a36b8b1cd5757287168e54b817830adce9b0158d', time: '2016-06-30 19:26:09'
System info: host: 'jhamil-pc', ip: '127.0.1.1', os.name: 'Linux', os.arch: 'amd64', os.version: '5.9.16-1-MANJARO', java.version: '1.8.0_265'
Driver info: org.openqa.selenium.chrome.ChromeDriver
Capabilities [{mobileEmulationEnabled=false, timeouts={implicit=0, pageLoad=300000, script=30000}, hasTouchScreen=false, platform=LINUX, acceptSslCerts=false, goog:chromeOptions={debuggerAddress=localhost:39987}, acceptInsecureCerts=false, webStorageEnabled=true, browserName=chrome, takesScreenshot=true, javascriptEnabled=true, setWindowRect=true, webauthn:extension:largeBlob=true, unexpectedAlertBehaviour=ignore, applicationCacheEnabled=false, rotatable=false, networkConnectionEnabled=false, chrome={chromedriverVersion=88.0.4324.96 (68dba2d8a0b149a1d3afac56fa74648032bcf46b-refs/branch-heads/4324@{#1784}), userDataDir=/tmp/.com.google.Chrome.CZMIql}, takesHeapSnapshot=true, pageLoadStrategy=normal, strictFileInteractability=false, databaseEnabled=false, handlesAlerts=true, version=88.0.4324.150, browserConnectionEnabled=false, proxy={}, nativeEvents=true, locationContextEnabled=true, cssSelectorsEnabled=true, webauthn:virtualAuthenticators=true}]
Session ID: 0fdeb22b54d425f202d83a1ed3ff2bcd
*** Element info: {Using=xpath, value=/html/body/form/h1[2]/p}
	at sun.reflect.NativeConstructorAccessorImpl.newInstance0(Native Method)
	at sun.reflect.NativeConstructorAccessorImpl.newInstance(NativeConstructorAccessorImpl.java:62)
	at sun.reflect.DelegatingConstructorAccessorImpl.newInstance(DelegatingConstructorAccessorImpl.java:45)
	at java.lang.reflect.Constructor.newInstance(Constructor.java:423)
	at org.openqa.selenium.remote.ErrorHandler.createThrowable(ErrorHandler.java:206)
	at org.openqa.selenium.remote.ErrorHandler.throwIfResponseFailed(ErrorHandler.java:158)
	at org.openqa.selenium.remote.RemoteWebDriver.execute(RemoteWebDriver.java:678)
	at org.openqa.selenium.remote.RemoteWebDriver.findElement(RemoteWebDriver.java:363)
	at org.openqa.selenium.remote.RemoteWebDriver.findElementByXPath(RemoteWebDriver.java:500)
	at org.openqa.selenium.By$ByXPath.findElement(By.java:361)
	at org.openqa.selenium.remote.RemoteWebDriver.findElement(RemoteWebDriver.java:355)
	at com.example.service.CalculateSimpleNGTest.testAdd(CalculateSimpleNGTest.java:39)
</failure>
    <system-out><![CDATA[Configuring TestNG with: TestNG652Configurator
17:39:57.969 [Forwarding newSession on session null to remote] DEBUG org.apache.http.client.protocol.RequestAddCookies - CookieSpec selected: default
17:39:57.982 [Forwarding newSession on session null to remote] DEBUG org.apache.http.client.protocol.RequestAuthCache - Auth cache not set in the context
17:39:57.983 [Forwarding newSession on session null to remote] DEBUG org.apache.http.impl.conn.PoolingHttpClientConnectionManager - Connection request: [route: {}->http://localhost:9674][total kept alive: 0; route allocated: 0 of 2000; total allocated: 0 of 2000]
17:39:57.991 [Forwarding newSession on session null to remote] DEBUG org.apache.http.impl.conn.PoolingHttpClientConnectionManager - Connection leased: [id: 0][route: {}->http://localhost:9674][total kept alive: 0; route allocated: 1 of 2000; total allocated: 1 of 2000]
17:39:57.993 [Forwarding newSession on session null to remote] DEBUG org.apache.http.impl.execchain.MainClientExec - Opening connection {}->http://localhost:9674
17:39:57.995 [Forwarding newSession on session null to remote] DEBUG org.apache.http.impl.conn.DefaultHttpClientConnectionOperator - Connecting to localhost/127.0.0.1:9674
17:39:57.996 [Forwarding newSession on session null to remote] DEBUG org.apache.http.impl.conn.DefaultHttpClientConnectionOperator - Connection established 127.0.0.1:50248<->127.0.0.1:9674
17:39:57.996 [Forwarding newSession on session null to remote] DEBUG org.apache.http.impl.conn.DefaultManagedHttpClientConnection - http-outgoing-0: set socket timeout to 10800000
17:39:57.996 [Forwarding newSession on session null to remote] DEBUG org.apache.http.impl.execchain.MainClientExec - Executing request POST /session HTTP/1.1
17:39:57.996 [Forwarding newSession on session null to remote] DEBUG org.apache.http.impl.execchain.MainClientExec - Target auth state: UNCHALLENGED
17:39:57.997 [Forwarding newSession on session null to remote] DEBUG org.apache.http.impl.execchain.MainClientExec - Proxy auth state: UNCHALLENGED
17:39:57.997 [Forwarding newSession on session null to remote] DEBUG org.apache.http.headers - http-outgoing-0 >> POST /session HTTP/1.1
17:39:57.997 [Forwarding newSession on session null to remote] DEBUG org.apache.http.headers - http-outgoing-0 >> Content-Type: application/json; charset=utf-8
17:39:57.997 [Forwarding newSession on session null to remote] DEBUG org.apache.http.headers - http-outgoing-0 >> Content-Length: 122
17:39:57.997 [Forwarding newSession on session null to remote] DEBUG org.apache.http.headers - http-outgoing-0 >> Host: localhost:9674
17:39:57.997 [Forwarding newSession on session null to remote] DEBUG org.apache.http.headers - http-outgoing-0 >> Connection: Keep-Alive
17:39:57.997 [Forwarding newSession on session null to remote] DEBUG org.apache.http.headers - http-outgoing-0 >> User-Agent: Apache-HttpClient/4.5.3 (Java/1.8.0_265)
17:39:57.997 [Forwarding newSession on session null to remote] DEBUG org.apache.http.headers - http-outgoing-0 >> Accept-Encoding: gzip,deflate
17:39:57.998 [Forwarding newSession on session null to remote] DEBUG org.apache.http.wire - http-outgoing-0 >> "POST /session HTTP/1.1[\r][\n]"
17:39:57.998 [Forwarding newSession on session null to remote] DEBUG org.apache.http.wire - http-outgoing-0 >> "Content-Type: application/json; charset=utf-8[\r][\n]"
17:39:57.998 [Forwarding newSession on session null to remote] DEBUG org.apache.http.wire - http-outgoing-0 >> "Content-Length: 122[\r][\n]"
17:39:57.998 [Forwarding newSession on session null to remote] DEBUG org.apache.http.wire - http-outgoing-0 >> "Host: localhost:9674[\r][\n]"
17:39:57.998 [Forwarding newSession on session null to remote] DEBUG org.apache.http.wire - http-outgoing-0 >> "Connection: Keep-Alive[\r][\n]"
17:39:57.998 [Forwarding newSession on session null to remote] DEBUG org.apache.http.wire - http-outgoing-0 >> "User-Agent: Apache-HttpClient/4.5.3 (Java/1.8.0_265)[\r][\n]"
17:39:57.998 [Forwarding newSession on session null to remote] DEBUG org.apache.http.wire - http-outgoing-0 >> "Accept-Encoding: gzip,deflate[\r][\n]"
17:39:57.998 [Forwarding newSession on session null to remote] DEBUG org.apache.http.wire - http-outgoing-0 >> "[\r][\n]"
17:39:57.998 [Forwarding newSession on session null to remote] DEBUG org.apache.http.wire - http-outgoing-0 >> "{"desiredCapabilities":{"browserName":"chrome","chromeOptions":{"args":[],"extensions":[]},"version":"","platform":"ANY"}}"
17:39:58.383 [Forwarding newSession on session null to remote] DEBUG org.apache.http.wire - http-outgoing-0 << "HTTP/1.1 200 OK[\r][\n]"
17:39:58.383 [Forwarding newSession on session null to remote] DEBUG org.apache.http.wire - http-outgoing-0 << "Content-Length:1069[\r][\n]"
17:39:58.383 [Forwarding newSession on session null to remote] DEBUG org.apache.http.wire - http-outgoing-0 << "Content-Type:application/json; charset=utf-8[\r][\n]"
17:39:58.383 [Forwarding newSession on session null to remote] DEBUG org.apache.http.wire - http-outgoing-0 << "[\r][\n]"
17:39:58.383 [Forwarding newSession on session null to remote] DEBUG org.apache.http.wire - http-outgoing-0 << "{"sessionId":"0fdeb22b54d425f202d83a1ed3ff2bcd","status":0,"value":{"acceptInsecureCerts":false,"acceptSslCerts":false,"applicationCacheEnabled":false,"browserConnectionEnabled":false,"browserName":"chrome","chrome":{"chromedriverVersion":"88.0.4324.96 (68dba2d8a0b149a1d3afac56fa74648032bcf46b-refs/branch-heads/4324@{#1784})","userDataDir":"/tmp/.com.google.Chrome.CZMIql"},"cssSelectorsEnabled":true,"databaseEnabled":false,"goog:chromeOptions":{"debuggerAddress":"localhost:39987"},"handlesAlerts":true,"hasTouchScreen":false,"javascriptEnabled":true,"locationContextEnabled":true,"mobileEmulationEnabled":false,"nativeEvents":true,"networkConnectionEnabled":false,"pageLoadStrategy":"normal","platform":"Linux","proxy":{},"rotatable":false,"setWindowRect":true,"strictFileInteractability":false,"takesHeapSnapshot":true,"takesScreenshot":true,"timeouts":{"implicit":0,"pageLoad":300000,"script":30000},"unexpectedAlertBehaviour":"ignore","version":"88.0.4324.150","webStorageEnabled":true,"webauthn:extension:largeBlob":true,"webauthn:virtualAuthenticators":true}}"
17:39:58.390 [Forwarding newSession on session null to remote] DEBUG org.apache.http.headers - http-outgoing-0 << HTTP/1.1 200 OK
17:39:58.390 [Forwarding newSession on session null to remote] DEBUG org.apache.http.headers - http-outgoing-0 << Content-Length:1069
17:39:58.390 [Forwarding newSession on session null to remote] DEBUG org.apache.http.headers - http-outgoing-0 << Content-Type:application/json; charset=utf-8
17:39:58.398 [Forwarding newSession on session null to remote] DEBUG org.apache.http.impl.execchain.MainClientExec - Connection can be kept alive indefinitely
17:39:58.409 [Forwarding newSession on session null to remote] DEBUG org.apache.http.impl.conn.PoolingHttpClientConnectionManager - Connection [id: 0][route: {}->http://localhost:9674] can be kept alive indefinitely
17:39:58.410 [Forwarding newSession on session null to remote] DEBUG org.apache.http.impl.conn.PoolingHttpClientConnectionManager - Connection released: [id: 0][route: {}->http://localhost:9674][total kept alive: 1; route allocated: 1 of 2000; total allocated: 1 of 2000]
17:39:58.430 [Forwarding get on session 0fdeb22b54d425f202d83a1ed3ff2bcd to remote] DEBUG org.apache.http.client.protocol.RequestAddCookies - CookieSpec selected: default
17:39:58.431 [Forwarding get on session 0fdeb22b54d425f202d83a1ed3ff2bcd to remote] DEBUG org.apache.http.client.protocol.RequestAuthCache - Auth cache not set in the context
17:39:58.431 [Forwarding get on session 0fdeb22b54d425f202d83a1ed3ff2bcd to remote] DEBUG org.apache.http.impl.conn.PoolingHttpClientConnectionManager - Connection request: [route: {}->http://localhost:9674][total kept alive: 1; route allocated: 1 of 2000; total allocated: 1 of 2000]
17:39:58.432 [Forwarding get on session 0fdeb22b54d425f202d83a1ed3ff2bcd to remote] DEBUG org.apache.http.impl.conn.PoolingHttpClientConnectionManager - Connection leased: [id: 0][route: {}->http://localhost:9674][total kept alive: 0; route allocated: 1 of 2000; total allocated: 1 of 2000]
17:39:58.432 [Forwarding get on session 0fdeb22b54d425f202d83a1ed3ff2bcd to remote] DEBUG org.apache.http.impl.execchain.MainClientExec - Stale connection check
17:39:58.435 [Forwarding get on session 0fdeb22b54d425f202d83a1ed3ff2bcd to remote] DEBUG org.apache.http.wire - http-outgoing-0 << "[read] I/O error: Read timed out"
17:39:58.437 [Forwarding get on session 0fdeb22b54d425f202d83a1ed3ff2bcd to remote] DEBUG org.apache.http.impl.conn.DefaultManagedHttpClientConnection - http-outgoing-0: set socket timeout to 10800000
17:39:58.437 [Forwarding get on session 0fdeb22b54d425f202d83a1ed3ff2bcd to remote] DEBUG org.apache.http.impl.execchain.MainClientExec - Executing request POST /session/0fdeb22b54d425f202d83a1ed3ff2bcd/url HTTP/1.1
17:39:58.437 [Forwarding get on session 0fdeb22b54d425f202d83a1ed3ff2bcd to remote] DEBUG org.apache.http.impl.execchain.MainClientExec - Target auth state: UNCHALLENGED
17:39:58.437 [Forwarding get on session 0fdeb22b54d425f202d83a1ed3ff2bcd to remote] DEBUG org.apache.http.impl.execchain.MainClientExec - Proxy auth state: UNCHALLENGED
17:39:58.438 [Forwarding get on session 0fdeb22b54d425f202d83a1ed3ff2bcd to remote] DEBUG org.apache.http.headers - http-outgoing-0 >> POST /session/0fdeb22b54d425f202d83a1ed3ff2bcd/url HTTP/1.1
17:39:58.438 [Forwarding get on session 0fdeb22b54d425f202d83a1ed3ff2bcd to remote] DEBUG org.apache.http.headers - http-outgoing-0 >> Content-Type: application/json; charset=utf-8
17:39:58.438 [Forwarding get on session 0fdeb22b54d425f202d83a1ed3ff2bcd to remote] DEBUG org.apache.http.headers - http-outgoing-0 >> Content-Length: 43
17:39:58.438 [Forwarding get on session 0fdeb22b54d425f202d83a1ed3ff2bcd to remote] DEBUG org.apache.http.headers - http-outgoing-0 >> Host: localhost:9674
17:39:58.438 [Forwarding get on session 0fdeb22b54d425f202d83a1ed3ff2bcd to remote] DEBUG org.apache.http.headers - http-outgoing-0 >> Connection: Keep-Alive
17:39:58.438 [Forwarding get on session 0fdeb22b54d425f202d83a1ed3ff2bcd to remote] DEBUG org.apache.http.headers - http-outgoing-0 >> User-Agent: Apache-HttpClient/4.5.3 (Java/1.8.0_265)
17:39:58.438 [Forwarding get on session 0fdeb22b54d425f202d83a1ed3ff2bcd to remote] DEBUG org.apache.http.headers - http-outgoing-0 >> Accept-Encoding: gzip,deflate
17:39:58.438 [Forwarding get on session 0fdeb22b54d425f202d83a1ed3ff2bcd to remote] DEBUG org.apache.http.wire - http-outgoing-0 >> "POST /session/0fdeb22b54d425f202d83a1ed3ff2bcd/url HTTP/1.1[\r][\n]"
17:39:58.438 [Forwarding get on session 0fdeb22b54d425f202d83a1ed3ff2bcd to remote] DEBUG org.apache.http.wire - http-outgoing-0 >> "Content-Type: application/json; charset=utf-8[\r][\n]"
17:39:58.438 [Forwarding get on session 0fdeb22b54d425f202d83a1ed3ff2bcd to remote] DEBUG org.apache.http.wire - http-outgoing-0 >> "Content-Length: 43[\r][\n]"
17:39:58.438 [Forwarding get on session 0fdeb22b54d425f202d83a1ed3ff2bcd to remote] DEBUG org.apache.http.wire - http-outgoing-0 >> "Host: localhost:9674[\r][\n]"
17:39:58.438 [Forwarding get on session 0fdeb22b54d425f202d83a1ed3ff2bcd to remote] DEBUG org.apache.http.wire - http-outgoing-0 >> "Connection: Keep-Alive[\r][\n]"
17:39:58.438 [Forwarding get on session 0fdeb22b54d425f202d83a1ed3ff2bcd to remote] DEBUG org.apache.http.wire - http-outgoing-0 >> "User-Agent: Apache-HttpClient/4.5.3 (Java/1.8.0_265)[\r][\n]"
17:39:58.438 [Forwarding get on session 0fdeb22b54d425f202d83a1ed3ff2bcd to remote] DEBUG org.apache.http.wire - http-outgoing-0 >> "Accept-Encoding: gzip,deflate[\r][\n]"
17:39:58.438 [Forwarding get on session 0fdeb22b54d425f202d83a1ed3ff2bcd to remote] DEBUG org.apache.http.wire - http-outgoing-0 >> "[\r][\n]"
17:39:58.438 [Forwarding get on session 0fdeb22b54d425f202d83a1ed3ff2bcd to remote] DEBUG org.apache.http.wire - http-outgoing-0 >> "{"url":"http://localhost:8080/calculadora"}"
17:39:59.489 [Forwarding get on session 0fdeb22b54d425f202d83a1ed3ff2bcd to remote] DEBUG org.apache.http.wire - http-outgoing-0 << "HTTP/1.1 200 OK[\r][\n]"
17:39:59.490 [Forwarding get on session 0fdeb22b54d425f202d83a1ed3ff2bcd to remote] DEBUG org.apache.http.wire - http-outgoing-0 << "Content-Length:72[\r][\n]"
17:39:59.491 [Forwarding get on session 0fdeb22b54d425f202d83a1ed3ff2bcd to remote] DEBUG org.apache.http.wire - http-outgoing-0 << "Content-Type:application/json; charset=utf-8[\r][\n]"
17:39:59.491 [Forwarding get on session 0fdeb22b54d425f202d83a1ed3ff2bcd to remote] DEBUG org.apache.http.wire - http-outgoing-0 << "[\r][\n]"
17:39:59.491 [Forwarding get on session 0fdeb22b54d425f202d83a1ed3ff2bcd to remote] DEBUG org.apache.http.wire - http-outgoing-0 << "{"sessionId":"0fdeb22b54d425f202d83a1ed3ff2bcd","status":0,"value":null}"
17:39:59.491 [Forwarding get on session 0fdeb22b54d425f202d83a1ed3ff2bcd to remote] DEBUG org.apache.http.headers - http-outgoing-0 << HTTP/1.1 200 OK
17:39:59.491 [Forwarding get on session 0fdeb22b54d425f202d83a1ed3ff2bcd to remote] DEBUG org.apache.http.headers - http-outgoing-0 << Content-Length:72
17:39:59.492 [Forwarding get on session 0fdeb22b54d425f202d83a1ed3ff2bcd to remote] DEBUG org.apache.http.headers - http-outgoing-0 << Content-Type:application/json; charset=utf-8
17:39:59.492 [Forwarding get on session 0fdeb22b54d425f202d83a1ed3ff2bcd to remote] DEBUG org.apache.http.impl.execchain.MainClientExec - Connection can be kept alive indefinitely
17:39:59.492 [Forwarding get on session 0fdeb22b54d425f202d83a1ed3ff2bcd to remote] DEBUG org.apache.http.impl.conn.PoolingHttpClientConnectionManager - Connection [id: 0][route: {}->http://localhost:9674] can be kept alive indefinitely
17:39:59.493 [Forwarding get on session 0fdeb22b54d425f202d83a1ed3ff2bcd to remote] DEBUG org.apache.http.impl.conn.PoolingHttpClientConnectionManager - Connection released: [id: 0][route: {}->http://localhost:9674][total kept alive: 1; route allocated: 1 of 2000; total allocated: 1 of 2000]
17:39:59.512 [Forwarding findElement on session 0fdeb22b54d425f202d83a1ed3ff2bcd to remote] DEBUG org.apache.http.client.protocol.RequestAddCookies - CookieSpec selected: default
17:39:59.512 [Forwarding findElement on session 0fdeb22b54d425f202d83a1ed3ff2bcd to remote] DEBUG org.apache.http.client.protocol.RequestAuthCache - Auth cache not set in the context
17:39:59.512 [Forwarding findElement on session 0fdeb22b54d425f202d83a1ed3ff2bcd to remote] DEBUG org.apache.http.impl.conn.PoolingHttpClientConnectionManager - Connection request: [route: {}->http://localhost:9674][total kept alive: 1; route allocated: 1 of 2000; total allocated: 1 of 2000]
17:39:59.512 [Forwarding findElement on session 0fdeb22b54d425f202d83a1ed3ff2bcd to remote] DEBUG org.apache.http.impl.conn.PoolingHttpClientConnectionManager - Connection leased: [id: 0][route: {}->http://localhost:9674][total kept alive: 0; route allocated: 1 of 2000; total allocated: 1 of 2000]
17:39:59.512 [Forwarding findElement on session 0fdeb22b54d425f202d83a1ed3ff2bcd to remote] DEBUG org.apache.http.impl.execchain.MainClientExec - Stale connection check
17:39:59.513 [Forwarding findElement on session 0fdeb22b54d425f202d83a1ed3ff2bcd to remote] DEBUG org.apache.http.wire - http-outgoing-0 << "[read] I/O error: Read timed out"
17:39:59.514 [Forwarding findElement on session 0fdeb22b54d425f202d83a1ed3ff2bcd to remote] DEBUG org.apache.http.impl.conn.DefaultManagedHttpClientConnection - http-outgoing-0: set socket timeout to 10800000
17:39:59.514 [Forwarding findElement on session 0fdeb22b54d425f202d83a1ed3ff2bcd to remote] DEBUG org.apache.http.impl.execchain.MainClientExec - Executing request POST /session/0fdeb22b54d425f202d83a1ed3ff2bcd/element HTTP/1.1
17:39:59.514 [Forwarding findElement on session 0fdeb22b54d425f202d83a1ed3ff2bcd to remote] DEBUG org.apache.http.impl.execchain.MainClientExec - Target auth state: UNCHALLENGED
17:39:59.514 [Forwarding findElement on session 0fdeb22b54d425f202d83a1ed3ff2bcd to remote] DEBUG org.apache.http.impl.execchain.MainClientExec - Proxy auth state: UNCHALLENGED
17:39:59.514 [Forwarding findElement on session 0fdeb22b54d425f202d83a1ed3ff2bcd to remote] DEBUG org.apache.http.headers - http-outgoing-0 >> POST /session/0fdeb22b54d425f202d83a1ed3ff2bcd/element HTTP/1.1
17:39:59.514 [Forwarding findElement on session 0fdeb22b54d425f202d83a1ed3ff2bcd to remote] DEBUG org.apache.http.headers - http-outgoing-0 >> Content-Type: application/json; charset=utf-8
17:39:59.514 [Forwarding findElement on session 0fdeb22b54d425f202d83a1ed3ff2bcd to remote] DEBUG org.apache.http.headers - http-outgoing-0 >> Content-Length: 28
17:39:59.514 [Forwarding findElement on session 0fdeb22b54d425f202d83a1ed3ff2bcd to remote] DEBUG org.apache.http.headers - http-outgoing-0 >> Host: localhost:9674
17:39:59.514 [Forwarding findElement on session 0fdeb22b54d425f202d83a1ed3ff2bcd to remote] DEBUG org.apache.http.headers - http-outgoing-0 >> Connection: Keep-Alive
17:39:59.514 [Forwarding findElement on session 0fdeb22b54d425f202d83a1ed3ff2bcd to remote] DEBUG org.apache.http.headers - http-outgoing-0 >> User-Agent: Apache-HttpClient/4.5.3 (Java/1.8.0_265)
17:39:59.514 [Forwarding findElement on session 0fdeb22b54d425f202d83a1ed3ff2bcd to remote] DEBUG org.apache.http.headers - http-outgoing-0 >> Accept-Encoding: gzip,deflate
17:39:59.514 [Forwarding findElement on session 0fdeb22b54d425f202d83a1ed3ff2bcd to remote] DEBUG org.apache.http.wire - http-outgoing-0 >> "POST /session/0fdeb22b54d425f202d83a1ed3ff2bcd/element HTTP/1.1[\r][\n]"
17:39:59.514 [Forwarding findElement on session 0fdeb22b54d425f202d83a1ed3ff2bcd to remote] DEBUG org.apache.http.wire - http-outgoing-0 >> "Content-Type: application/json; charset=utf-8[\r][\n]"
17:39:59.514 [Forwarding findElement on session 0fdeb22b54d425f202d83a1ed3ff2bcd to remote] DEBUG org.apache.http.wire - http-outgoing-0 >> "Content-Length: 28[\r][\n]"
17:39:59.514 [Forwarding findElement on session 0fdeb22b54d425f202d83a1ed3ff2bcd to remote] DEBUG org.apache.http.wire - http-outgoing-0 >> "Host: localhost:9674[\r][\n]"
17:39:59.514 [Forwarding findElement on session 0fdeb22b54d425f202d83a1ed3ff2bcd to remote] DEBUG org.apache.http.wire - http-outgoing-0 >> "Connection: Keep-Alive[\r][\n]"
17:39:59.514 [Forwarding findElement on session 0fdeb22b54d425f202d83a1ed3ff2bcd to remote] DEBUG org.apache.http.wire - http-outgoing-0 >> "User-Agent: Apache-HttpClient/4.5.3 (Java/1.8.0_265)[\r][\n]"
17:39:59.514 [Forwarding findElement on session 0fdeb22b54d425f202d83a1ed3ff2bcd to remote] DEBUG org.apache.http.wire - http-outgoing-0 >> "Accept-Encoding: gzip,deflate[\r][\n]"
17:39:59.514 [Forwarding findElement on session 0fdeb22b54d425f202d83a1ed3ff2bcd to remote] DEBUG org.apache.http.wire - http-outgoing-0 >> "[\r][\n]"
17:39:59.514 [Forwarding findElement on session 0fdeb22b54d425f202d83a1ed3ff2bcd to remote] DEBUG org.apache.http.wire - http-outgoing-0 >> "{"using":"name","value":"a"}"
17:39:59.540 [Forwarding findElement on session 0fdeb22b54d425f202d83a1ed3ff2bcd to remote] DEBUG org.apache.http.wire - http-outgoing-0 << "HTTP/1.1 200 OK[\r][\n]"
17:39:59.540 [Forwarding findElement on session 0fdeb22b54d425f202d83a1ed3ff2bcd to remote] DEBUG org.apache.http.wire - http-outgoing-0 << "Content-Length:103[\r][\n]"
17:39:59.540 [Forwarding findElement on session 0fdeb22b54d425f202d83a1ed3ff2bcd to remote] DEBUG org.apache.http.wire - http-outgoing-0 << "Content-Type:application/json; charset=utf-8[\r][\n]"
17:39:59.540 [Forwarding findElement on session 0fdeb22b54d425f202d83a1ed3ff2bcd to remote] DEBUG org.apache.http.wire - http-outgoing-0 << "[\r][\n]"
17:39:59.540 [Forwarding findElement on session 0fdeb22b54d425f202d83a1ed3ff2bcd to remote] DEBUG org.apache.http.wire - http-outgoing-0 << "{"sessionId":"0fdeb22b54d425f202d83a1ed3ff2bcd","status":0,"value":{"ELEMENT":"0.33499990197054963-1"}}"
17:39:59.541 [Forwarding findElement on session 0fdeb22b54d425f202d83a1ed3ff2bcd to remote] DEBUG org.apache.http.headers - http-outgoing-0 << HTTP/1.1 200 OK
17:39:59.541 [Forwarding findElement on session 0fdeb22b54d425f202d83a1ed3ff2bcd to remote] DEBUG org.apache.http.headers - http-outgoing-0 << Content-Length:103
17:39:59.541 [Forwarding findElement on session 0fdeb22b54d425f202d83a1ed3ff2bcd to remote] DEBUG org.apache.http.headers - http-outgoing-0 << Content-Type:application/json; charset=utf-8
17:39:59.541 [Forwarding findElement on session 0fdeb22b54d425f202d83a1ed3ff2bcd to remote] DEBUG org.apache.http.impl.execchain.MainClientExec - Connection can be kept alive indefinitely
17:39:59.542 [Forwarding findElement on session 0fdeb22b54d425f202d83a1ed3ff2bcd to remote] DEBUG org.apache.http.impl.conn.PoolingHttpClientConnectionManager - Connection [id: 0][route: {}->http://localhost:9674] can be kept alive indefinitely
17:39:59.543 [Forwarding findElement on session 0fdeb22b54d425f202d83a1ed3ff2bcd to remote] DEBUG org.apache.http.impl.conn.PoolingHttpClientConnectionManager - Connection released: [id: 0][route: {}->http://localhost:9674][total kept alive: 1; route allocated: 1 of 2000; total allocated: 1 of 2000]
17:39:59.558 [Forwarding sendKeysToElement on session 0fdeb22b54d425f202d83a1ed3ff2bcd to remote] DEBUG org.apache.http.client.protocol.RequestAddCookies - CookieSpec selected: default
17:39:59.558 [Forwarding sendKeysToElement on session 0fdeb22b54d425f202d83a1ed3ff2bcd to remote] DEBUG org.apache.http.client.protocol.RequestAuthCache - Auth cache not set in the context
17:39:59.559 [Forwarding sendKeysToElement on session 0fdeb22b54d425f202d83a1ed3ff2bcd to remote] DEBUG org.apache.http.impl.conn.PoolingHttpClientConnectionManager - Connection request: [route: {}->http://localhost:9674][total kept alive: 1; route allocated: 1 of 2000; total allocated: 1 of 2000]
17:39:59.559 [Forwarding sendKeysToElement on session 0fdeb22b54d425f202d83a1ed3ff2bcd to remote] DEBUG org.apache.http.impl.conn.PoolingHttpClientConnectionManager - Connection leased: [id: 0][route: {}->http://localhost:9674][total kept alive: 0; route allocated: 1 of 2000; total allocated: 1 of 2000]
17:39:59.559 [Forwarding sendKeysToElement on session 0fdeb22b54d425f202d83a1ed3ff2bcd to remote] DEBUG org.apache.http.impl.execchain.MainClientExec - Stale connection check
17:39:59.560 [Forwarding sendKeysToElement on session 0fdeb22b54d425f202d83a1ed3ff2bcd to remote] DEBUG org.apache.http.wire - http-outgoing-0 << "[read] I/O error: Read timed out"
17:39:59.560 [Forwarding sendKeysToElement on session 0fdeb22b54d425f202d83a1ed3ff2bcd to remote] DEBUG org.apache.http.impl.conn.DefaultManagedHttpClientConnection - http-outgoing-0: set socket timeout to 10800000
17:39:59.560 [Forwarding sendKeysToElement on session 0fdeb22b54d425f202d83a1ed3ff2bcd to remote] DEBUG org.apache.http.impl.execchain.MainClientExec - Executing request POST /session/0fdeb22b54d425f202d83a1ed3ff2bcd/element/0.33499990197054963-1/value HTTP/1.1
17:39:59.560 [Forwarding sendKeysToElement on session 0fdeb22b54d425f202d83a1ed3ff2bcd to remote] DEBUG org.apache.http.impl.execchain.MainClientExec - Target auth state: UNCHALLENGED
17:39:59.561 [Forwarding sendKeysToElement on session 0fdeb22b54d425f202d83a1ed3ff2bcd to remote] DEBUG org.apache.http.impl.execchain.MainClientExec - Proxy auth state: UNCHALLENGED
17:39:59.561 [Forwarding sendKeysToElement on session 0fdeb22b54d425f202d83a1ed3ff2bcd to remote] DEBUG org.apache.http.headers - http-outgoing-0 >> POST /session/0fdeb22b54d425f202d83a1ed3ff2bcd/element/0.33499990197054963-1/value HTTP/1.1
17:39:59.561 [Forwarding sendKeysToElement on session 0fdeb22b54d425f202d83a1ed3ff2bcd to remote] DEBUG org.apache.http.headers - http-outgoing-0 >> Content-Type: application/json; charset=utf-8
17:39:59.561 [Forwarding sendKeysToElement on session 0fdeb22b54d425f202d83a1ed3ff2bcd to remote] DEBUG org.apache.http.headers - http-outgoing-0 >> Content-Length: 45
17:39:59.561 [Forwarding sendKeysToElement on session 0fdeb22b54d425f202d83a1ed3ff2bcd to remote] DEBUG org.apache.http.headers - http-outgoing-0 >> Host: localhost:9674
17:39:59.561 [Forwarding sendKeysToElement on session 0fdeb22b54d425f202d83a1ed3ff2bcd to remote] DEBUG org.apache.http.headers - http-outgoing-0 >> Connection: Keep-Alive
17:39:59.561 [Forwarding sendKeysToElement on session 0fdeb22b54d425f202d83a1ed3ff2bcd to remote] DEBUG org.apache.http.headers - http-outgoing-0 >> User-Agent: Apache-HttpClient/4.5.3 (Java/1.8.0_265)
17:39:59.561 [Forwarding sendKeysToElement on session 0fdeb22b54d425f202d83a1ed3ff2bcd to remote] DEBUG org.apache.http.headers - http-outgoing-0 >> Accept-Encoding: gzip,deflate
17:39:59.562 [Forwarding sendKeysToElement on session 0fdeb22b54d425f202d83a1ed3ff2bcd to remote] DEBUG org.apache.http.wire - http-outgoing-0 >> "POST /session/0fdeb22b54d425f202d83a1ed3ff2bcd/element/0.33499990197054963-1/value HTTP/1.1[\r][\n]"
17:39:59.562 [Forwarding sendKeysToElement on session 0fdeb22b54d425f202d83a1ed3ff2bcd to remote] DEBUG org.apache.http.wire - http-outgoing-0 >> "Content-Type: application/json; charset=utf-8[\r][\n]"
17:39:59.562 [Forwarding sendKeysToElement on session 0fdeb22b54d425f202d83a1ed3ff2bcd to remote] DEBUG org.apache.http.wire - http-outgoing-0 >> "Content-Length: 45[\r][\n]"
17:39:59.563 [Forwarding sendKeysToElement on session 0fdeb22b54d425f202d83a1ed3ff2bcd to remote] DEBUG org.apache.http.wire - http-outgoing-0 >> "Host: localhost:9674[\r][\n]"
17:39:59.563 [Forwarding sendKeysToElement on session 0fdeb22b54d425f202d83a1ed3ff2bcd to remote] DEBUG org.apache.http.wire - http-outgoing-0 >> "Connection: Keep-Alive[\r][\n]"
17:39:59.563 [Forwarding sendKeysToElement on session 0fdeb22b54d425f202d83a1ed3ff2bcd to remote] DEBUG org.apache.http.wire - http-outgoing-0 >> "User-Agent: Apache-HttpClient/4.5.3 (Java/1.8.0_265)[\r][\n]"
17:39:59.563 [Forwarding sendKeysToElement on session 0fdeb22b54d425f202d83a1ed3ff2bcd to remote] DEBUG org.apache.http.wire - http-outgoing-0 >> "Accept-Encoding: gzip,deflate[\r][\n]"
17:39:59.563 [Forwarding sendKeysToElement on session 0fdeb22b54d425f202d83a1ed3ff2bcd to remote] DEBUG org.apache.http.wire - http-outgoing-0 >> "[\r][\n]"
17:39:59.563 [Forwarding sendKeysToElement on session 0fdeb22b54d425f202d83a1ed3ff2bcd to remote] DEBUG org.apache.http.wire - http-outgoing-0 >> "{"id":"0.33499990197054963-1","value":["10"]}"
17:39:59.678 [Forwarding sendKeysToElement on session 0fdeb22b54d425f202d83a1ed3ff2bcd to remote] DEBUG org.apache.http.wire - http-outgoing-0 << "HTTP/1.1 200 OK[\r][\n]"
17:39:59.679 [Forwarding sendKeysToElement on session 0fdeb22b54d425f202d83a1ed3ff2bcd to remote] DEBUG org.apache.http.wire - http-outgoing-0 << "Content-Length:72[\r][\n]"
17:39:59.679 [Forwarding sendKeysToElement on session 0fdeb22b54d425f202d83a1ed3ff2bcd to remote] DEBUG org.apache.http.wire - http-outgoing-0 << "Content-Type:application/json; charset=utf-8[\r][\n]"
17:39:59.679 [Forwarding sendKeysToElement on session 0fdeb22b54d425f202d83a1ed3ff2bcd to remote] DEBUG org.apache.http.wire - http-outgoing-0 << "[\r][\n]"
17:39:59.679 [Forwarding sendKeysToElement on session 0fdeb22b54d425f202d83a1ed3ff2bcd to remote] DEBUG org.apache.http.wire - http-outgoing-0 << "{"sessionId":"0fdeb22b54d425f202d83a1ed3ff2bcd","status":0,"value":null}"
17:39:59.679 [Forwarding sendKeysToElement on session 0fdeb22b54d425f202d83a1ed3ff2bcd to remote] DEBUG org.apache.http.headers - http-outgoing-0 << HTTP/1.1 200 OK
17:39:59.679 [Forwarding sendKeysToElement on session 0fdeb22b54d425f202d83a1ed3ff2bcd to remote] DEBUG org.apache.http.headers - http-outgoing-0 << Content-Length:72
17:39:59.679 [Forwarding sendKeysToElement on session 0fdeb22b54d425f202d83a1ed3ff2bcd to remote] DEBUG org.apache.http.headers - http-outgoing-0 << Content-Type:application/json; charset=utf-8
17:39:59.680 [Forwarding sendKeysToElement on session 0fdeb22b54d425f202d83a1ed3ff2bcd to remote] DEBUG org.apache.http.impl.execchain.MainClientExec - Connection can be kept alive indefinitely
17:39:59.680 [Forwarding sendKeysToElement on session 0fdeb22b54d425f202d83a1ed3ff2bcd to remote] DEBUG org.apache.http.impl.conn.PoolingHttpClientConnectionManager - Connection [id: 0][route: {}->http://localhost:9674] can be kept alive indefinitely
17:39:59.680 [Forwarding sendKeysToElement on session 0fdeb22b54d425f202d83a1ed3ff2bcd to remote] DEBUG org.apache.http.impl.conn.PoolingHttpClientConnectionManager - Connection released: [id: 0][route: {}->http://localhost:9674][total kept alive: 1; route allocated: 1 of 2000; total allocated: 1 of 2000]
17:39:59.683 [Forwarding findElement on session 0fdeb22b54d425f202d83a1ed3ff2bcd to remote] DEBUG org.apache.http.client.protocol.RequestAddCookies - CookieSpec selected: default
17:39:59.683 [Forwarding findElement on session 0fdeb22b54d425f202d83a1ed3ff2bcd to remote] DEBUG org.apache.http.client.protocol.RequestAuthCache - Auth cache not set in the context
17:39:59.683 [Forwarding findElement on session 0fdeb22b54d425f202d83a1ed3ff2bcd to remote] DEBUG org.apache.http.impl.conn.PoolingHttpClientConnectionManager - Connection request: [route: {}->http://localhost:9674][total kept alive: 1; route allocated: 1 of 2000; total allocated: 1 of 2000]
17:39:59.683 [Forwarding findElement on session 0fdeb22b54d425f202d83a1ed3ff2bcd to remote] DEBUG org.apache.http.impl.conn.PoolingHttpClientConnectionManager - Connection leased: [id: 0][route: {}->http://localhost:9674][total kept alive: 0; route allocated: 1 of 2000; total allocated: 1 of 2000]
17:39:59.684 [Forwarding findElement on session 0fdeb22b54d425f202d83a1ed3ff2bcd to remote] DEBUG org.apache.http.impl.execchain.MainClientExec - Stale connection check
17:39:59.685 [Forwarding findElement on session 0fdeb22b54d425f202d83a1ed3ff2bcd to remote] DEBUG org.apache.http.wire - http-outgoing-0 << "[read] I/O error: Read timed out"
17:39:59.687 [Forwarding findElement on session 0fdeb22b54d425f202d83a1ed3ff2bcd to remote] DEBUG org.apache.http.impl.conn.DefaultManagedHttpClientConnection - http-outgoing-0: set socket timeout to 10800000
17:39:59.687 [Forwarding findElement on session 0fdeb22b54d425f202d83a1ed3ff2bcd to remote] DEBUG org.apache.http.impl.execchain.MainClientExec - Executing request POST /session/0fdeb22b54d425f202d83a1ed3ff2bcd/element HTTP/1.1
17:39:59.687 [Forwarding findElement on session 0fdeb22b54d425f202d83a1ed3ff2bcd to remote] DEBUG org.apache.http.impl.execchain.MainClientExec - Target auth state: UNCHALLENGED
17:39:59.687 [Forwarding findElement on session 0fdeb22b54d425f202d83a1ed3ff2bcd to remote] DEBUG org.apache.http.impl.execchain.MainClientExec - Proxy auth state: UNCHALLENGED
17:39:59.689 [Forwarding findElement on session 0fdeb22b54d425f202d83a1ed3ff2bcd to remote] DEBUG org.apache.http.headers - http-outgoing-0 >> POST /session/0fdeb22b54d425f202d83a1ed3ff2bcd/element HTTP/1.1
17:39:59.690 [Forwarding findElement on session 0fdeb22b54d425f202d83a1ed3ff2bcd to remote] DEBUG org.apache.http.headers - http-outgoing-0 >> Content-Type: application/json; charset=utf-8
17:39:59.690 [Forwarding findElement on session 0fdeb22b54d425f202d83a1ed3ff2bcd to remote] DEBUG org.apache.http.headers - http-outgoing-0 >> Content-Length: 28
17:39:59.690 [Forwarding findElement on session 0fdeb22b54d425f202d83a1ed3ff2bcd to remote] DEBUG org.apache.http.headers - http-outgoing-0 >> Host: localhost:9674
17:39:59.690 [Forwarding findElement on session 0fdeb22b54d425f202d83a1ed3ff2bcd to remote] DEBUG org.apache.http.headers - http-outgoing-0 >> Connection: Keep-Alive
17:39:59.692 [Forwarding findElement on session 0fdeb22b54d425f202d83a1ed3ff2bcd to remote] DEBUG org.apache.http.headers - http-outgoing-0 >> User-Agent: Apache-HttpClient/4.5.3 (Java/1.8.0_265)
17:39:59.692 [Forwarding findElement on session 0fdeb22b54d425f202d83a1ed3ff2bcd to remote] DEBUG org.apache.http.headers - http-outgoing-0 >> Accept-Encoding: gzip,deflate
17:39:59.693 [Forwarding findElement on session 0fdeb22b54d425f202d83a1ed3ff2bcd to remote] DEBUG org.apache.http.wire - http-outgoing-0 >> "POST /session/0fdeb22b54d425f202d83a1ed3ff2bcd/element HTTP/1.1[\r][\n]"
17:39:59.694 [Forwarding findElement on session 0fdeb22b54d425f202d83a1ed3ff2bcd to remote] DEBUG org.apache.http.wire - http-outgoing-0 >> "Content-Type: application/json; charset=utf-8[\r][\n]"
17:39:59.695 [Forwarding findElement on session 0fdeb22b54d425f202d83a1ed3ff2bcd to remote] DEBUG org.apache.http.wire - http-outgoing-0 >> "Content-Length: 28[\r][\n]"
17:39:59.698 [Forwarding findElement on session 0fdeb22b54d425f202d83a1ed3ff2bcd to remote] DEBUG org.apache.http.wire - http-outgoing-0 >> "Host: localhost:9674[\r][\n]"
17:39:59.699 [Forwarding findElement on session 0fdeb22b54d425f202d83a1ed3ff2bcd to remote] DEBUG org.apache.http.wire - http-outgoing-0 >> "Connection: Keep-Alive[\r][\n]"
17:39:59.699 [Forwarding findElement on session 0fdeb22b54d425f202d83a1ed3ff2bcd to remote] DEBUG org.apache.http.wire - http-outgoing-0 >> "User-Agent: Apache-HttpClient/4.5.3 (Java/1.8.0_265)[\r][\n]"
17:39:59.699 [Forwarding findElement on session 0fdeb22b54d425f202d83a1ed3ff2bcd to remote] DEBUG org.apache.http.wire - http-outgoing-0 >> "Accept-Encoding: gzip,deflate[\r][\n]"
17:39:59.700 [Forwarding findElement on session 0fdeb22b54d425f202d83a1ed3ff2bcd to remote] DEBUG org.apache.http.wire - http-outgoing-0 >> "[\r][\n]"
17:39:59.700 [Forwarding findElement on session 0fdeb22b54d425f202d83a1ed3ff2bcd to remote] DEBUG org.apache.http.wire - http-outgoing-0 >> "{"using":"name","value":"b"}"
17:39:59.720 [Forwarding findElement on session 0fdeb22b54d425f202d83a1ed3ff2bcd to remote] DEBUG org.apache.http.wire - http-outgoing-0 << "HTTP/1.1 200 OK[\r][\n]"
17:39:59.721 [Forwarding findElement on session 0fdeb22b54d425f202d83a1ed3ff2bcd to remote] DEBUG org.apache.http.wire - http-outgoing-0 << "Content-Length:103[\r][\n]"
17:39:59.721 [Forwarding findElement on session 0fdeb22b54d425f202d83a1ed3ff2bcd to remote] DEBUG org.apache.http.wire - http-outgoing-0 << "Content-Type:application/json; charset=utf-8[\r][\n]"
17:39:59.721 [Forwarding findElement on session 0fdeb22b54d425f202d83a1ed3ff2bcd to remote] DEBUG org.apache.http.wire - http-outgoing-0 << "[\r][\n]"
17:39:59.721 [Forwarding findElement on session 0fdeb22b54d425f202d83a1ed3ff2bcd to remote] DEBUG org.apache.http.wire - http-outgoing-0 << "{"sessionId":"0fdeb22b54d425f202d83a1ed3ff2bcd","status":0,"value":{"ELEMENT":"0.33499990197054963-3"}}"
17:39:59.721 [Forwarding findElement on session 0fdeb22b54d425f202d83a1ed3ff2bcd to remote] DEBUG org.apache.http.headers - http-outgoing-0 << HTTP/1.1 200 OK
17:39:59.722 [Forwarding findElement on session 0fdeb22b54d425f202d83a1ed3ff2bcd to remote] DEBUG org.apache.http.headers - http-outgoing-0 << Content-Length:103
17:39:59.722 [Forwarding findElement on session 0fdeb22b54d425f202d83a1ed3ff2bcd to remote] DEBUG org.apache.http.headers - http-outgoing-0 << Content-Type:application/json; charset=utf-8
17:39:59.722 [Forwarding findElement on session 0fdeb22b54d425f202d83a1ed3ff2bcd to remote] DEBUG org.apache.http.impl.execchain.MainClientExec - Connection can be kept alive indefinitely
17:39:59.722 [Forwarding findElement on session 0fdeb22b54d425f202d83a1ed3ff2bcd to remote] DEBUG org.apache.http.impl.conn.PoolingHttpClientConnectionManager - Connection [id: 0][route: {}->http://localhost:9674] can be kept alive indefinitely
17:39:59.722 [Forwarding findElement on session 0fdeb22b54d425f202d83a1ed3ff2bcd to remote] DEBUG org.apache.http.impl.conn.PoolingHttpClientConnectionManager - Connection released: [id: 0][route: {}->http://localhost:9674][total kept alive: 1; route allocated: 1 of 2000; total allocated: 1 of 2000]
17:39:59.726 [Forwarding sendKeysToElement on session 0fdeb22b54d425f202d83a1ed3ff2bcd to remote] DEBUG org.apache.http.client.protocol.RequestAddCookies - CookieSpec selected: default
17:39:59.727 [Forwarding sendKeysToElement on session 0fdeb22b54d425f202d83a1ed3ff2bcd to remote] DEBUG org.apache.http.client.protocol.RequestAuthCache - Auth cache not set in the context
17:39:59.727 [Forwarding sendKeysToElement on session 0fdeb22b54d425f202d83a1ed3ff2bcd to remote] DEBUG org.apache.http.impl.conn.PoolingHttpClientConnectionManager - Connection request: [route: {}->http://localhost:9674][total kept alive: 1; route allocated: 1 of 2000; total allocated: 1 of 2000]
17:39:59.727 [Forwarding sendKeysToElement on session 0fdeb22b54d425f202d83a1ed3ff2bcd to remote] DEBUG org.apache.http.impl.conn.PoolingHttpClientConnectionManager - Connection leased: [id: 0][route: {}->http://localhost:9674][total kept alive: 0; route allocated: 1 of 2000; total allocated: 1 of 2000]
17:39:59.727 [Forwarding sendKeysToElement on session 0fdeb22b54d425f202d83a1ed3ff2bcd to remote] DEBUG org.apache.http.impl.execchain.MainClientExec - Stale connection check
17:39:59.729 [Forwarding sendKeysToElement on session 0fdeb22b54d425f202d83a1ed3ff2bcd to remote] DEBUG org.apache.http.wire - http-outgoing-0 << "[read] I/O error: Read timed out"
17:39:59.729 [Forwarding sendKeysToElement on session 0fdeb22b54d425f202d83a1ed3ff2bcd to remote] DEBUG org.apache.http.impl.conn.DefaultManagedHttpClientConnection - http-outgoing-0: set socket timeout to 10800000
17:39:59.730 [Forwarding sendKeysToElement on session 0fdeb22b54d425f202d83a1ed3ff2bcd to remote] DEBUG org.apache.http.impl.execchain.MainClientExec - Executing request POST /session/0fdeb22b54d425f202d83a1ed3ff2bcd/element/0.33499990197054963-3/value HTTP/1.1
17:39:59.730 [Forwarding sendKeysToElement on session 0fdeb22b54d425f202d83a1ed3ff2bcd to remote] DEBUG org.apache.http.impl.execchain.MainClientExec - Target auth state: UNCHALLENGED
17:39:59.730 [Forwarding sendKeysToElement on session 0fdeb22b54d425f202d83a1ed3ff2bcd to remote] DEBUG org.apache.http.impl.execchain.MainClientExec - Proxy auth state: UNCHALLENGED
17:39:59.730 [Forwarding sendKeysToElement on session 0fdeb22b54d425f202d83a1ed3ff2bcd to remote] DEBUG org.apache.http.headers - http-outgoing-0 >> POST /session/0fdeb22b54d425f202d83a1ed3ff2bcd/element/0.33499990197054963-3/value HTTP/1.1
17:39:59.730 [Forwarding sendKeysToElement on session 0fdeb22b54d425f202d83a1ed3ff2bcd to remote] DEBUG org.apache.http.headers - http-outgoing-0 >> Content-Type: application/json; charset=utf-8
17:39:59.730 [Forwarding sendKeysToElement on session 0fdeb22b54d425f202d83a1ed3ff2bcd to remote] DEBUG org.apache.http.headers - http-outgoing-0 >> Content-Length: 45
17:39:59.730 [Forwarding sendKeysToElement on session 0fdeb22b54d425f202d83a1ed3ff2bcd to remote] DEBUG org.apache.http.headers - http-outgoing-0 >> Host: localhost:9674
17:39:59.730 [Forwarding sendKeysToElement on session 0fdeb22b54d425f202d83a1ed3ff2bcd to remote] DEBUG org.apache.http.headers - http-outgoing-0 >> Connection: Keep-Alive
17:39:59.730 [Forwarding sendKeysToElement on session 0fdeb22b54d425f202d83a1ed3ff2bcd to remote] DEBUG org.apache.http.headers - http-outgoing-0 >> User-Agent: Apache-HttpClient/4.5.3 (Java/1.8.0_265)
17:39:59.730 [Forwarding sendKeysToElement on session 0fdeb22b54d425f202d83a1ed3ff2bcd to remote] DEBUG org.apache.http.headers - http-outgoing-0 >> Accept-Encoding: gzip,deflate
17:39:59.730 [Forwarding sendKeysToElement on session 0fdeb22b54d425f202d83a1ed3ff2bcd to remote] DEBUG org.apache.http.wire - http-outgoing-0 >> "POST /session/0fdeb22b54d425f202d83a1ed3ff2bcd/element/0.33499990197054963-3/value HTTP/1.1[\r][\n]"
17:39:59.731 [Forwarding sendKeysToElement on session 0fdeb22b54d425f202d83a1ed3ff2bcd to remote] DEBUG org.apache.http.wire - http-outgoing-0 >> "Content-Type: application/json; charset=utf-8[\r][\n]"
17:39:59.732 [Forwarding sendKeysToElement on session 0fdeb22b54d425f202d83a1ed3ff2bcd to remote] DEBUG org.apache.http.wire - http-outgoing-0 >> "Content-Length: 45[\r][\n]"
17:39:59.732 [Forwarding sendKeysToElement on session 0fdeb22b54d425f202d83a1ed3ff2bcd to remote] DEBUG org.apache.http.wire - http-outgoing-0 >> "Host: localhost:9674[\r][\n]"
17:39:59.732 [Forwarding sendKeysToElement on session 0fdeb22b54d425f202d83a1ed3ff2bcd to remote] DEBUG org.apache.http.wire - http-outgoing-0 >> "Connection: Keep-Alive[\r][\n]"
17:39:59.733 [Forwarding sendKeysToElement on session 0fdeb22b54d425f202d83a1ed3ff2bcd to remote] DEBUG org.apache.http.wire - http-outgoing-0 >> "User-Agent: Apache-HttpClient/4.5.3 (Java/1.8.0_265)[\r][\n]"
17:39:59.733 [Forwarding sendKeysToElement on session 0fdeb22b54d425f202d83a1ed3ff2bcd to remote] DEBUG org.apache.http.wire - http-outgoing-0 >> "Accept-Encoding: gzip,deflate[\r][\n]"
17:39:59.733 [Forwarding sendKeysToElement on session 0fdeb22b54d425f202d83a1ed3ff2bcd to remote] DEBUG org.apache.http.wire - http-outgoing-0 >> "[\r][\n]"
17:39:59.733 [Forwarding sendKeysToElement on session 0fdeb22b54d425f202d83a1ed3ff2bcd to remote] DEBUG org.apache.http.wire - http-outgoing-0 >> "{"id":"0.33499990197054963-3","value":["20"]}"
17:39:59.864 [Forwarding sendKeysToElement on session 0fdeb22b54d425f202d83a1ed3ff2bcd to remote] DEBUG org.apache.http.wire - http-outgoing-0 << "HTTP/1.1 200 OK[\r][\n]"
17:39:59.865 [Forwarding sendKeysToElement on session 0fdeb22b54d425f202d83a1ed3ff2bcd to remote] DEBUG org.apache.http.wire - http-outgoing-0 << "Content-Length:72[\r][\n]"
17:39:59.865 [Forwarding sendKeysToElement on session 0fdeb22b54d425f202d83a1ed3ff2bcd to remote] DEBUG org.apache.http.wire - http-outgoing-0 << "Content-Type:application/json; charset=utf-8[\r][\n]"
17:39:59.865 [Forwarding sendKeysToElement on session 0fdeb22b54d425f202d83a1ed3ff2bcd to remote] DEBUG org.apache.http.wire - http-outgoing-0 << "[\r][\n]"
17:39:59.865 [Forwarding sendKeysToElement on session 0fdeb22b54d425f202d83a1ed3ff2bcd to remote] DEBUG org.apache.http.wire - http-outgoing-0 << "{"sessionId":"0fdeb22b54d425f202d83a1ed3ff2bcd","status":0,"value":null}"
17:39:59.865 [Forwarding sendKeysToElement on session 0fdeb22b54d425f202d83a1ed3ff2bcd to remote] DEBUG org.apache.http.headers - http-outgoing-0 << HTTP/1.1 200 OK
17:39:59.865 [Forwarding sendKeysToElement on session 0fdeb22b54d425f202d83a1ed3ff2bcd to remote] DEBUG org.apache.http.headers - http-outgoing-0 << Content-Length:72
17:39:59.865 [Forwarding sendKeysToElement on session 0fdeb22b54d425f202d83a1ed3ff2bcd to remote] DEBUG org.apache.http.headers - http-outgoing-0 << Content-Type:application/json; charset=utf-8
17:39:59.865 [Forwarding sendKeysToElement on session 0fdeb22b54d425f202d83a1ed3ff2bcd to remote] DEBUG org.apache.http.impl.execchain.MainClientExec - Connection can be kept alive indefinitely
17:39:59.866 [Forwarding sendKeysToElement on session 0fdeb22b54d425f202d83a1ed3ff2bcd to remote] DEBUG org.apache.http.impl.conn.PoolingHttpClientConnectionManager - Connection [id: 0][route: {}->http://localhost:9674] can be kept alive indefinitely
17:39:59.867 [Forwarding sendKeysToElement on session 0fdeb22b54d425f202d83a1ed3ff2bcd to remote] DEBUG org.apache.http.impl.conn.PoolingHttpClientConnectionManager - Connection released: [id: 0][route: {}->http://localhost:9674][total kept alive: 1; route allocated: 1 of 2000; total allocated: 1 of 2000]
17:39:59.875 [Forwarding findElement on session 0fdeb22b54d425f202d83a1ed3ff2bcd to remote] DEBUG org.apache.http.client.protocol.RequestAddCookies - CookieSpec selected: default
17:39:59.876 [Forwarding findElement on session 0fdeb22b54d425f202d83a1ed3ff2bcd to remote] DEBUG org.apache.http.client.protocol.RequestAuthCache - Auth cache not set in the context
17:39:59.876 [Forwarding findElement on session 0fdeb22b54d425f202d83a1ed3ff2bcd to remote] DEBUG org.apache.http.impl.conn.PoolingHttpClientConnectionManager - Connection request: [route: {}->http://localhost:9674][total kept alive: 1; route allocated: 1 of 2000; total allocated: 1 of 2000]
17:39:59.877 [Forwarding findElement on session 0fdeb22b54d425f202d83a1ed3ff2bcd to remote] DEBUG org.apache.http.impl.conn.PoolingHttpClientConnectionManager - Connection leased: [id: 0][route: {}->http://localhost:9674][total kept alive: 0; route allocated: 1 of 2000; total allocated: 1 of 2000]
17:39:59.877 [Forwarding findElement on session 0fdeb22b54d425f202d83a1ed3ff2bcd to remote] DEBUG org.apache.http.impl.execchain.MainClientExec - Stale connection check
17:39:59.878 [Forwarding findElement on session 0fdeb22b54d425f202d83a1ed3ff2bcd to remote] DEBUG org.apache.http.wire - http-outgoing-0 << "[read] I/O error: Read timed out"
17:39:59.879 [Forwarding findElement on session 0fdeb22b54d425f202d83a1ed3ff2bcd to remote] DEBUG org.apache.http.impl.conn.DefaultManagedHttpClientConnection - http-outgoing-0: set socket timeout to 10800000
17:39:59.880 [Forwarding findElement on session 0fdeb22b54d425f202d83a1ed3ff2bcd to remote] DEBUG org.apache.http.impl.execchain.MainClientExec - Executing request POST /session/0fdeb22b54d425f202d83a1ed3ff2bcd/element HTTP/1.1
17:39:59.880 [Forwarding findElement on session 0fdeb22b54d425f202d83a1ed3ff2bcd to remote] DEBUG org.apache.http.impl.execchain.MainClientExec - Target auth state: UNCHALLENGED
17:39:59.880 [Forwarding findElement on session 0fdeb22b54d425f202d83a1ed3ff2bcd to remote] DEBUG org.apache.http.impl.execchain.MainClientExec - Proxy auth state: UNCHALLENGED
17:39:59.880 [Forwarding findElement on session 0fdeb22b54d425f202d83a1ed3ff2bcd to remote] DEBUG org.apache.http.headers - http-outgoing-0 >> POST /session/0fdeb22b54d425f202d83a1ed3ff2bcd/element HTTP/1.1
17:39:59.882 [Forwarding findElement on session 0fdeb22b54d425f202d83a1ed3ff2bcd to remote] DEBUG org.apache.http.headers - http-outgoing-0 >> Content-Type: application/json; charset=utf-8
17:39:59.882 [Forwarding findElement on session 0fdeb22b54d425f202d83a1ed3ff2bcd to remote] DEBUG org.apache.http.headers - http-outgoing-0 >> Content-Length: 57
17:39:59.882 [Forwarding findElement on session 0fdeb22b54d425f202d83a1ed3ff2bcd to remote] DEBUG org.apache.http.headers - http-outgoing-0 >> Host: localhost:9674
17:39:59.882 [Forwarding findElement on session 0fdeb22b54d425f202d83a1ed3ff2bcd to remote] DEBUG org.apache.http.headers - http-outgoing-0 >> Connection: Keep-Alive
17:39:59.882 [Forwarding findElement on session 0fdeb22b54d425f202d83a1ed3ff2bcd to remote] DEBUG org.apache.http.headers - http-outgoing-0 >> User-Agent: Apache-HttpClient/4.5.3 (Java/1.8.0_265)
17:39:59.882 [Forwarding findElement on session 0fdeb22b54d425f202d83a1ed3ff2bcd to remote] DEBUG org.apache.http.headers - http-outgoing-0 >> Accept-Encoding: gzip,deflate
17:39:59.883 [Forwarding findElement on session 0fdeb22b54d425f202d83a1ed3ff2bcd to remote] DEBUG org.apache.http.wire - http-outgoing-0 >> "POST /session/0fdeb22b54d425f202d83a1ed3ff2bcd/element HTTP/1.1[\r][\n]"
17:39:59.883 [Forwarding findElement on session 0fdeb22b54d425f202d83a1ed3ff2bcd to remote] DEBUG org.apache.http.wire - http-outgoing-0 >> "Content-Type: application/json; charset=utf-8[\r][\n]"
17:39:59.883 [Forwarding findElement on session 0fdeb22b54d425f202d83a1ed3ff2bcd to remote] DEBUG org.apache.http.wire - http-outgoing-0 >> "Content-Length: 57[\r][\n]"
17:39:59.883 [Forwarding findElement on session 0fdeb22b54d425f202d83a1ed3ff2bcd to remote] DEBUG org.apache.http.wire - http-outgoing-0 >> "Host: localhost:9674[\r][\n]"
17:39:59.883 [Forwarding findElement on session 0fdeb22b54d425f202d83a1ed3ff2bcd to remote] DEBUG org.apache.http.wire - http-outgoing-0 >> "Connection: Keep-Alive[\r][\n]"
17:39:59.883 [Forwarding findElement on session 0fdeb22b54d425f202d83a1ed3ff2bcd to remote] DEBUG org.apache.http.wire - http-outgoing-0 >> "User-Agent: Apache-HttpClient/4.5.3 (Java/1.8.0_265)[\r][\n]"
17:39:59.883 [Forwarding findElement on session 0fdeb22b54d425f202d83a1ed3ff2bcd to remote] DEBUG org.apache.http.wire - http-outgoing-0 >> "Accept-Encoding: gzip,deflate[\r][\n]"
17:39:59.883 [Forwarding findElement on session 0fdeb22b54d425f202d83a1ed3ff2bcd to remote] DEBUG org.apache.http.wire - http-outgoing-0 >> "[\r][\n]"
17:39:59.883 [Forwarding findElement on session 0fdeb22b54d425f202d83a1ed3ff2bcd to remote] DEBUG org.apache.http.wire - http-outgoing-0 >> "{"using":"xpath","value":"/html/body/form/p[1]/input[5]"}"
17:39:59.920 [Forwarding findElement on session 0fdeb22b54d425f202d83a1ed3ff2bcd to remote] DEBUG org.apache.http.wire - http-outgoing-0 << "HTTP/1.1 200 OK[\r][\n]"
17:39:59.920 [Forwarding findElement on session 0fdeb22b54d425f202d83a1ed3ff2bcd to remote] DEBUG org.apache.http.wire - http-outgoing-0 << "Content-Length:103[\r][\n]"
17:39:59.920 [Forwarding findElement on session 0fdeb22b54d425f202d83a1ed3ff2bcd to remote] DEBUG org.apache.http.wire - http-outgoing-0 << "Content-Type:application/json; charset=utf-8[\r][\n]"
17:39:59.920 [Forwarding findElement on session 0fdeb22b54d425f202d83a1ed3ff2bcd to remote] DEBUG org.apache.http.wire - http-outgoing-0 << "[\r][\n]"
17:39:59.920 [Forwarding findElement on session 0fdeb22b54d425f202d83a1ed3ff2bcd to remote] DEBUG org.apache.http.wire - http-outgoing-0 << "{"sessionId":"0fdeb22b54d425f202d83a1ed3ff2bcd","status":0,"value":{"ELEMENT":"0.33499990197054963-4"}}"
17:39:59.921 [Forwarding findElement on session 0fdeb22b54d425f202d83a1ed3ff2bcd to remote] DEBUG org.apache.http.headers - http-outgoing-0 << HTTP/1.1 200 OK
17:39:59.921 [Forwarding findElement on session 0fdeb22b54d425f202d83a1ed3ff2bcd to remote] DEBUG org.apache.http.headers - http-outgoing-0 << Content-Length:103
17:39:59.921 [Forwarding findElement on session 0fdeb22b54d425f202d83a1ed3ff2bcd to remote] DEBUG org.apache.http.headers - http-outgoing-0 << Content-Type:application/json; charset=utf-8
17:39:59.921 [Forwarding findElement on session 0fdeb22b54d425f202d83a1ed3ff2bcd to remote] DEBUG org.apache.http.impl.execchain.MainClientExec - Connection can be kept alive indefinitely
17:39:59.922 [Forwarding findElement on session 0fdeb22b54d425f202d83a1ed3ff2bcd to remote] DEBUG org.apache.http.impl.conn.PoolingHttpClientConnectionManager - Connection [id: 0][route: {}->http://localhost:9674] can be kept alive indefinitely
17:39:59.922 [Forwarding findElement on session 0fdeb22b54d425f202d83a1ed3ff2bcd to remote] DEBUG org.apache.http.impl.conn.PoolingHttpClientConnectionManager - Connection released: [id: 0][route: {}->http://localhost:9674][total kept alive: 1; route allocated: 1 of 2000; total allocated: 1 of 2000]
17:39:59.927 [Forwarding clickElement on session 0fdeb22b54d425f202d83a1ed3ff2bcd to remote] DEBUG org.apache.http.client.protocol.RequestAddCookies - CookieSpec selected: default
17:39:59.927 [Forwarding clickElement on session 0fdeb22b54d425f202d83a1ed3ff2bcd to remote] DEBUG org.apache.http.client.protocol.RequestAuthCache - Auth cache not set in the context
17:39:59.928 [Forwarding clickElement on session 0fdeb22b54d425f202d83a1ed3ff2bcd to remote] DEBUG org.apache.http.impl.conn.PoolingHttpClientConnectionManager - Connection request: [route: {}->http://localhost:9674][total kept alive: 1; route allocated: 1 of 2000; total allocated: 1 of 2000]
17:39:59.928 [Forwarding clickElement on session 0fdeb22b54d425f202d83a1ed3ff2bcd to remote] DEBUG org.apache.http.impl.conn.PoolingHttpClientConnectionManager - Connection leased: [id: 0][route: {}->http://localhost:9674][total kept alive: 0; route allocated: 1 of 2000; total allocated: 1 of 2000]
17:39:59.928 [Forwarding clickElement on session 0fdeb22b54d425f202d83a1ed3ff2bcd to remote] DEBUG org.apache.http.impl.execchain.MainClientExec - Stale connection check
17:39:59.930 [Forwarding clickElement on session 0fdeb22b54d425f202d83a1ed3ff2bcd to remote] DEBUG org.apache.http.wire - http-outgoing-0 << "[read] I/O error: Read timed out"
17:39:59.930 [Forwarding clickElement on session 0fdeb22b54d425f202d83a1ed3ff2bcd to remote] DEBUG org.apache.http.impl.conn.DefaultManagedHttpClientConnection - http-outgoing-0: set socket timeout to 10800000
17:39:59.930 [Forwarding clickElement on session 0fdeb22b54d425f202d83a1ed3ff2bcd to remote] DEBUG org.apache.http.impl.execchain.MainClientExec - Executing request POST /session/0fdeb22b54d425f202d83a1ed3ff2bcd/element/0.33499990197054963-4/click HTTP/1.1
17:39:59.930 [Forwarding clickElement on session 0fdeb22b54d425f202d83a1ed3ff2bcd to remote] DEBUG org.apache.http.impl.execchain.MainClientExec - Target auth state: UNCHALLENGED
17:39:59.930 [Forwarding clickElement on session 0fdeb22b54d425f202d83a1ed3ff2bcd to remote] DEBUG org.apache.http.impl.execchain.MainClientExec - Proxy auth state: UNCHALLENGED
17:39:59.930 [Forwarding clickElement on session 0fdeb22b54d425f202d83a1ed3ff2bcd to remote] DEBUG org.apache.http.headers - http-outgoing-0 >> POST /session/0fdeb22b54d425f202d83a1ed3ff2bcd/element/0.33499990197054963-4/click HTTP/1.1
17:39:59.931 [Forwarding clickElement on session 0fdeb22b54d425f202d83a1ed3ff2bcd to remote] DEBUG org.apache.http.headers - http-outgoing-0 >> Content-Type: application/json; charset=utf-8
17:39:59.931 [Forwarding clickElement on session 0fdeb22b54d425f202d83a1ed3ff2bcd to remote] DEBUG org.apache.http.headers - http-outgoing-0 >> Content-Length: 30
17:39:59.931 [Forwarding clickElement on session 0fdeb22b54d425f202d83a1ed3ff2bcd to remote] DEBUG org.apache.http.headers - http-outgoing-0 >> Host: localhost:9674
17:39:59.931 [Forwarding clickElement on session 0fdeb22b54d425f202d83a1ed3ff2bcd to remote] DEBUG org.apache.http.headers - http-outgoing-0 >> Connection: Keep-Alive
17:39:59.931 [Forwarding clickElement on session 0fdeb22b54d425f202d83a1ed3ff2bcd to remote] DEBUG org.apache.http.headers - http-outgoing-0 >> User-Agent: Apache-HttpClient/4.5.3 (Java/1.8.0_265)
17:39:59.931 [Forwarding clickElement on session 0fdeb22b54d425f202d83a1ed3ff2bcd to remote] DEBUG org.apache.http.headers - http-outgoing-0 >> Accept-Encoding: gzip,deflate
17:39:59.931 [Forwarding clickElement on session 0fdeb22b54d425f202d83a1ed3ff2bcd to remote] DEBUG org.apache.http.wire - http-outgoing-0 >> "POST /session/0fdeb22b54d425f202d83a1ed3ff2bcd/element/0.33499990197054963-4/click HTTP/1.1[\r][\n]"
17:39:59.931 [Forwarding clickElement on session 0fdeb22b54d425f202d83a1ed3ff2bcd to remote] DEBUG org.apache.http.wire - http-outgoing-0 >> "Content-Type: application/json; charset=utf-8[\r][\n]"
17:39:59.931 [Forwarding clickElement on session 0fdeb22b54d425f202d83a1ed3ff2bcd to remote] DEBUG org.apache.http.wire - http-outgoing-0 >> "Content-Length: 30[\r][\n]"
17:39:59.931 [Forwarding clickElement on session 0fdeb22b54d425f202d83a1ed3ff2bcd to remote] DEBUG org.apache.http.wire - http-outgoing-0 >> "Host: localhost:9674[\r][\n]"
17:39:59.931 [Forwarding clickElement on session 0fdeb22b54d425f202d83a1ed3ff2bcd to remote] DEBUG org.apache.http.wire - http-outgoing-0 >> "Connection: Keep-Alive[\r][\n]"
17:39:59.931 [Forwarding clickElement on session 0fdeb22b54d425f202d83a1ed3ff2bcd to remote] DEBUG org.apache.http.wire - http-outgoing-0 >> "User-Agent: Apache-HttpClient/4.5.3 (Java/1.8.0_265)[\r][\n]"
17:39:59.931 [Forwarding clickElement on session 0fdeb22b54d425f202d83a1ed3ff2bcd to remote] DEBUG org.apache.http.wire - http-outgoing-0 >> "Accept-Encoding: gzip,deflate[\r][\n]"
17:39:59.931 [Forwarding clickElement on session 0fdeb22b54d425f202d83a1ed3ff2bcd to remote] DEBUG org.apache.http.wire - http-outgoing-0 >> "[\r][\n]"
17:39:59.931 [Forwarding clickElement on session 0fdeb22b54d425f202d83a1ed3ff2bcd to remote] DEBUG org.apache.http.wire - http-outgoing-0 >> "{"id":"0.33499990197054963-4"}"
17:40:00.248 [Forwarding clickElement on session 0fdeb22b54d425f202d83a1ed3ff2bcd to remote] DEBUG org.apache.http.wire - http-outgoing-0 << "HTTP/1.1 200 OK[\r][\n]"
17:40:00.249 [Forwarding clickElement on session 0fdeb22b54d425f202d83a1ed3ff2bcd to remote] DEBUG org.apache.http.wire - http-outgoing-0 << "Content-Length:72[\r][\n]"
17:40:00.249 [Forwarding clickElement on session 0fdeb22b54d425f202d83a1ed3ff2bcd to remote] DEBUG org.apache.http.wire - http-outgoing-0 << "Content-Type:application/json; charset=utf-8[\r][\n]"
17:40:00.249 [Forwarding clickElement on session 0fdeb22b54d425f202d83a1ed3ff2bcd to remote] DEBUG org.apache.http.wire - http-outgoing-0 << "[\r][\n]"
17:40:00.249 [Forwarding clickElement on session 0fdeb22b54d425f202d83a1ed3ff2bcd to remote] DEBUG org.apache.http.wire - http-outgoing-0 << "{"sessionId":"0fdeb22b54d425f202d83a1ed3ff2bcd","status":0,"value":null}"
17:40:00.249 [Forwarding clickElement on session 0fdeb22b54d425f202d83a1ed3ff2bcd to remote] DEBUG org.apache.http.headers - http-outgoing-0 << HTTP/1.1 200 OK
17:40:00.250 [Forwarding clickElement on session 0fdeb22b54d425f202d83a1ed3ff2bcd to remote] DEBUG org.apache.http.headers - http-outgoing-0 << Content-Length:72
17:40:00.250 [Forwarding clickElement on session 0fdeb22b54d425f202d83a1ed3ff2bcd to remote] DEBUG org.apache.http.headers - http-outgoing-0 << Content-Type:application/json; charset=utf-8
17:40:00.250 [Forwarding clickElement on session 0fdeb22b54d425f202d83a1ed3ff2bcd to remote] DEBUG org.apache.http.impl.execchain.MainClientExec - Connection can be kept alive indefinitely
17:40:00.251 [Forwarding clickElement on session 0fdeb22b54d425f202d83a1ed3ff2bcd to remote] DEBUG org.apache.http.impl.conn.PoolingHttpClientConnectionManager - Connection [id: 0][route: {}->http://localhost:9674] can be kept alive indefinitely
17:40:00.251 [Forwarding clickElement on session 0fdeb22b54d425f202d83a1ed3ff2bcd to remote] DEBUG org.apache.http.impl.conn.PoolingHttpClientConnectionManager - Connection released: [id: 0][route: {}->http://localhost:9674][total kept alive: 1; route allocated: 1 of 2000; total allocated: 1 of 2000]
17:40:00.254 [Forwarding findElement on session 0fdeb22b54d425f202d83a1ed3ff2bcd to remote] DEBUG org.apache.http.client.protocol.RequestAddCookies - CookieSpec selected: default
17:40:00.255 [Forwarding findElement on session 0fdeb22b54d425f202d83a1ed3ff2bcd to remote] DEBUG org.apache.http.client.protocol.RequestAuthCache - Auth cache not set in the context
17:40:00.255 [Forwarding findElement on session 0fdeb22b54d425f202d83a1ed3ff2bcd to remote] DEBUG org.apache.http.impl.conn.PoolingHttpClientConnectionManager - Connection request: [route: {}->http://localhost:9674][total kept alive: 1; route allocated: 1 of 2000; total allocated: 1 of 2000]
17:40:00.255 [Forwarding findElement on session 0fdeb22b54d425f202d83a1ed3ff2bcd to remote] DEBUG org.apache.http.impl.conn.PoolingHttpClientConnectionManager - Connection leased: [id: 0][route: {}->http://localhost:9674][total kept alive: 0; route allocated: 1 of 2000; total allocated: 1 of 2000]
17:40:00.256 [Forwarding findElement on session 0fdeb22b54d425f202d83a1ed3ff2bcd to remote] DEBUG org.apache.http.impl.execchain.MainClientExec - Stale connection check
17:40:00.258 [Forwarding findElement on session 0fdeb22b54d425f202d83a1ed3ff2bcd to remote] DEBUG org.apache.http.wire - http-outgoing-0 << "[read] I/O error: Read timed out"
17:40:00.259 [Forwarding findElement on session 0fdeb22b54d425f202d83a1ed3ff2bcd to remote] DEBUG org.apache.http.impl.conn.DefaultManagedHttpClientConnection - http-outgoing-0: set socket timeout to 10800000
17:40:00.259 [Forwarding findElement on session 0fdeb22b54d425f202d83a1ed3ff2bcd to remote] DEBUG org.apache.http.impl.execchain.MainClientExec - Executing request POST /session/0fdeb22b54d425f202d83a1ed3ff2bcd/element HTTP/1.1
17:40:00.260 [Forwarding findElement on session 0fdeb22b54d425f202d83a1ed3ff2bcd to remote] DEBUG org.apache.http.impl.execchain.MainClientExec - Target auth state: UNCHALLENGED
17:40:00.262 [Forwarding findElement on session 0fdeb22b54d425f202d83a1ed3ff2bcd to remote] DEBUG org.apache.http.impl.execchain.MainClientExec - Proxy auth state: UNCHALLENGED
17:40:00.263 [Forwarding findElement on session 0fdeb22b54d425f202d83a1ed3ff2bcd to remote] DEBUG org.apache.http.headers - http-outgoing-0 >> POST /session/0fdeb22b54d425f202d83a1ed3ff2bcd/element HTTP/1.1
17:40:00.264 [Forwarding findElement on session 0fdeb22b54d425f202d83a1ed3ff2bcd to remote] DEBUG org.apache.http.headers - http-outgoing-0 >> Content-Type: application/json; charset=utf-8
17:40:00.266 [Forwarding findElement on session 0fdeb22b54d425f202d83a1ed3ff2bcd to remote] DEBUG org.apache.http.headers - http-outgoing-0 >> Content-Length: 51
17:40:00.267 [Forwarding findElement on session 0fdeb22b54d425f202d83a1ed3ff2bcd to remote] DEBUG org.apache.http.headers - http-outgoing-0 >> Host: localhost:9674
17:40:00.267 [Forwarding findElement on session 0fdeb22b54d425f202d83a1ed3ff2bcd to remote] DEBUG org.apache.http.headers - http-outgoing-0 >> Connection: Keep-Alive
17:40:00.267 [Forwarding findElement on session 0fdeb22b54d425f202d83a1ed3ff2bcd to remote] DEBUG org.apache.http.headers - http-outgoing-0 >> User-Agent: Apache-HttpClient/4.5.3 (Java/1.8.0_265)
17:40:00.267 [Forwarding findElement on session 0fdeb22b54d425f202d83a1ed3ff2bcd to remote] DEBUG org.apache.http.headers - http-outgoing-0 >> Accept-Encoding: gzip,deflate
17:40:00.267 [Forwarding findElement on session 0fdeb22b54d425f202d83a1ed3ff2bcd to remote] DEBUG org.apache.http.wire - http-outgoing-0 >> "POST /session/0fdeb22b54d425f202d83a1ed3ff2bcd/element HTTP/1.1[\r][\n]"
17:40:00.267 [Forwarding findElement on session 0fdeb22b54d425f202d83a1ed3ff2bcd to remote] DEBUG org.apache.http.wire - http-outgoing-0 >> "Content-Type: application/json; charset=utf-8[\r][\n]"
17:40:00.267 [Forwarding findElement on session 0fdeb22b54d425f202d83a1ed3ff2bcd to remote] DEBUG org.apache.http.wire - http-outgoing-0 >> "Content-Length: 51[\r][\n]"
17:40:00.267 [Forwarding findElement on session 0fdeb22b54d425f202d83a1ed3ff2bcd to remote] DEBUG org.apache.http.wire - http-outgoing-0 >> "Host: localhost:9674[\r][\n]"
17:40:00.267 [Forwarding findElement on session 0fdeb22b54d425f202d83a1ed3ff2bcd to remote] DEBUG org.apache.http.wire - http-outgoing-0 >> "Connection: Keep-Alive[\r][\n]"
17:40:00.267 [Forwarding findElement on session 0fdeb22b54d425f202d83a1ed3ff2bcd to remote] DEBUG org.apache.http.wire - http-outgoing-0 >> "User-Agent: Apache-HttpClient/4.5.3 (Java/1.8.0_265)[\r][\n]"
17:40:00.267 [Forwarding findElement on session 0fdeb22b54d425f202d83a1ed3ff2bcd to remote] DEBUG org.apache.http.wire - http-outgoing-0 >> "Accept-Encoding: gzip,deflate[\r][\n]"
17:40:00.267 [Forwarding findElement on session 0fdeb22b54d425f202d83a1ed3ff2bcd to remote] DEBUG org.apache.http.wire - http-outgoing-0 >> "[\r][\n]"
17:40:00.267 [Forwarding findElement on session 0fdeb22b54d425f202d83a1ed3ff2bcd to remote] DEBUG org.apache.http.wire - http-outgoing-0 >> "{"using":"xpath","value":"/html/body/form/h1[2]/p"}"
17:40:00.282 [Forwarding findElement on session 0fdeb22b54d425f202d83a1ed3ff2bcd to remote] DEBUG org.apache.http.wire - http-outgoing-0 << "HTTP/1.1 200 OK[\r][\n]"
17:40:00.282 [Forwarding findElement on session 0fdeb22b54d425f202d83a1ed3ff2bcd to remote] DEBUG org.apache.http.wire - http-outgoing-0 << "Content-Length:385[\r][\n]"
17:40:00.282 [Forwarding findElement on session 0fdeb22b54d425f202d83a1ed3ff2bcd to remote] DEBUG org.apache.http.wire - http-outgoing-0 << "Content-Type:application/json; charset=utf-8[\r][\n]"
17:40:00.282 [Forwarding findElement on session 0fdeb22b54d425f202d83a1ed3ff2bcd to remote] DEBUG org.apache.http.wire - http-outgoing-0 << "[\r][\n]"
17:40:00.282 [Forwarding findElement on session 0fdeb22b54d425f202d83a1ed3ff2bcd to remote] DEBUG org.apache.http.wire - http-outgoing-0 << "{"sessionId":"0fdeb22b54d425f202d83a1ed3ff2bcd","status":7,"value":{"message":"no such element: Unable to locate element: {\"method\":\"xpath\",\"selector\":\"/html/body/form/h1[2]/p\"}\n  (Session info: chrome=88.0.4324.150)\n  (Driver info: chromedriver=88.0.4324.96 (68dba2d8a0b149a1d3afac56fa74648032bcf46b-refs/branch-heads/4324@{#1784}),platform=Linux 5.9.16-1-MANJARO x86_64)"}}"
17:40:00.282 [Forwarding findElement on session 0fdeb22b54d425f202d83a1ed3ff2bcd to remote] DEBUG org.apache.http.headers - http-outgoing-0 << HTTP/1.1 200 OK
17:40:00.283 [Forwarding findElement on session 0fdeb22b54d425f202d83a1ed3ff2bcd to remote] DEBUG org.apache.http.headers - http-outgoing-0 << Content-Length:385
17:40:00.283 [Forwarding findElement on session 0fdeb22b54d425f202d83a1ed3ff2bcd to remote] DEBUG org.apache.http.headers - http-outgoing-0 << Content-Type:application/json; charset=utf-8
17:40:00.283 [Forwarding findElement on session 0fdeb22b54d425f202d83a1ed3ff2bcd to remote] DEBUG org.apache.http.impl.execchain.MainClientExec - Connection can be kept alive indefinitely
17:40:00.283 [Forwarding findElement on session 0fdeb22b54d425f202d83a1ed3ff2bcd to remote] DEBUG org.apache.http.impl.conn.PoolingHttpClientConnectionManager - Connection [id: 0][route: {}->http://localhost:9674] can be kept alive indefinitely
17:40:00.283 [Forwarding findElement on session 0fdeb22b54d425f202d83a1ed3ff2bcd to remote] DEBUG org.apache.http.impl.conn.PoolingHttpClientConnectionManager - Connection released: [id: 0][route: {}->http://localhost:9674][total kept alive: 1; route allocated: 1 of 2000; total allocated: 1 of 2000]
]]></system-out>
    <system-err><![CDATA[Starting ChromeDriver 88.0.4324.96 (68dba2d8a0b149a1d3afac56fa74648032bcf46b-refs/branch-heads/4324@{#1784}) on port 9674
Only local connections are allowed.
Please see https://chromedriver.chromium.org/security-considerations for suggestions on keeping ChromeDriver safe.
ChromeDriver was started successfully.
]]></system-err>
  </testcase>
  <testcase name="testSomeMethod" classname="com.example.service.CalculateSimpleNGTest" time="0.004">
    <failure message="The test case is a prototype." type="java.lang.AssertionError">java.lang.AssertionError: The test case is a prototype.
	at org.testng.Assert.fail(Assert.java:96)
	at com.example.service.CalculateSimpleNGTest.testSomeMethod(CalculateSimpleNGTest.java:44)
</failure>
    <system-out><![CDATA[17:40:00.341 [Forwarding newSession on session null to remote] DEBUG org.apache.http.client.protocol.RequestAddCookies - CookieSpec selected: default
17:40:00.342 [Forwarding newSession on session null to remote] DEBUG org.apache.http.client.protocol.RequestAuthCache - Auth cache not set in the context
17:40:00.342 [Forwarding newSession on session null to remote] DEBUG org.apache.http.impl.conn.PoolingHttpClientConnectionManager - Connection request: [route: {}->http://localhost:22901][total kept alive: 1; route allocated: 0 of 2000; total allocated: 1 of 2000]
17:40:00.342 [Forwarding newSession on session null to remote] DEBUG org.apache.http.impl.conn.PoolingHttpClientConnectionManager - Connection leased: [id: 1][route: {}->http://localhost:22901][total kept alive: 1; route allocated: 1 of 2000; total allocated: 2 of 2000]
17:40:00.343 [Forwarding newSession on session null to remote] DEBUG org.apache.http.impl.execchain.MainClientExec - Opening connection {}->http://localhost:22901
17:40:00.343 [Forwarding newSession on session null to remote] DEBUG org.apache.http.impl.conn.DefaultHttpClientConnectionOperator - Connecting to localhost/127.0.0.1:22901
17:40:00.344 [Forwarding newSession on session null to remote] DEBUG org.apache.http.impl.conn.DefaultHttpClientConnectionOperator - Connection established 127.0.0.1:34752<->127.0.0.1:22901
17:40:00.345 [Forwarding newSession on session null to remote] DEBUG org.apache.http.impl.conn.DefaultManagedHttpClientConnection - http-outgoing-1: set socket timeout to 10800000
17:40:00.345 [Forwarding newSession on session null to remote] DEBUG org.apache.http.impl.execchain.MainClientExec - Executing request POST /session HTTP/1.1
17:40:00.345 [Forwarding newSession on session null to remote] DEBUG org.apache.http.impl.execchain.MainClientExec - Target auth state: UNCHALLENGED
17:40:00.345 [Forwarding newSession on session null to remote] DEBUG org.apache.http.impl.execchain.MainClientExec - Proxy auth state: UNCHALLENGED
17:40:00.346 [Forwarding newSession on session null to remote] DEBUG org.apache.http.headers - http-outgoing-1 >> POST /session HTTP/1.1
17:40:00.346 [Forwarding newSession on session null to remote] DEBUG org.apache.http.headers - http-outgoing-1 >> Content-Type: application/json; charset=utf-8
17:40:00.346 [Forwarding newSession on session null to remote] DEBUG org.apache.http.headers - http-outgoing-1 >> Content-Length: 122
17:40:00.346 [Forwarding newSession on session null to remote] DEBUG org.apache.http.headers - http-outgoing-1 >> Host: localhost:22901
17:40:00.346 [Forwarding newSession on session null to remote] DEBUG org.apache.http.headers - http-outgoing-1 >> Connection: Keep-Alive
17:40:00.346 [Forwarding newSession on session null to remote] DEBUG org.apache.http.headers - http-outgoing-1 >> User-Agent: Apache-HttpClient/4.5.3 (Java/1.8.0_265)
17:40:00.346 [Forwarding newSession on session null to remote] DEBUG org.apache.http.headers - http-outgoing-1 >> Accept-Encoding: gzip,deflate
17:40:00.347 [Forwarding newSession on session null to remote] DEBUG org.apache.http.wire - http-outgoing-1 >> "POST /session HTTP/1.1[\r][\n]"
17:40:00.347 [Forwarding newSession on session null to remote] DEBUG org.apache.http.wire - http-outgoing-1 >> "Content-Type: application/json; charset=utf-8[\r][\n]"
17:40:00.347 [Forwarding newSession on session null to remote] DEBUG org.apache.http.wire - http-outgoing-1 >> "Content-Length: 122[\r][\n]"
17:40:00.347 [Forwarding newSession on session null to remote] DEBUG org.apache.http.wire - http-outgoing-1 >> "Host: localhost:22901[\r][\n]"
17:40:00.347 [Forwarding newSession on session null to remote] DEBUG org.apache.http.wire - http-outgoing-1 >> "Connection: Keep-Alive[\r][\n]"
17:40:00.347 [Forwarding newSession on session null to remote] DEBUG org.apache.http.wire - http-outgoing-1 >> "User-Agent: Apache-HttpClient/4.5.3 (Java/1.8.0_265)[\r][\n]"
17:40:00.347 [Forwarding newSession on session null to remote] DEBUG org.apache.http.wire - http-outgoing-1 >> "Accept-Encoding: gzip,deflate[\r][\n]"
17:40:00.347 [Forwarding newSession on session null to remote] DEBUG org.apache.http.wire - http-outgoing-1 >> "[\r][\n]"
17:40:00.347 [Forwarding newSession on session null to remote] DEBUG org.apache.http.wire - http-outgoing-1 >> "{"desiredCapabilities":{"browserName":"chrome","chromeOptions":{"args":[],"extensions":[]},"version":"","platform":"ANY"}}"
17:40:01.000 [Forwarding newSession on session null to remote] DEBUG org.apache.http.wire - http-outgoing-1 << "HTTP/1.1 200 OK[\r][\n]"
17:40:01.000 [Forwarding newSession on session null to remote] DEBUG org.apache.http.wire - http-outgoing-1 << "Content-Length:1069[\r][\n]"
17:40:01.000 [Forwarding newSession on session null to remote] DEBUG org.apache.http.wire - http-outgoing-1 << "Content-Type:application/json; charset=utf-8[\r][\n]"
17:40:01.000 [Forwarding newSession on session null to remote] DEBUG org.apache.http.wire - http-outgoing-1 << "[\r][\n]"
17:40:01.000 [Forwarding newSession on session null to remote] DEBUG org.apache.http.wire - http-outgoing-1 << "{"sessionId":"cfa41b1958a94b670aec430d7bd8af84","status":0,"value":{"acceptInsecureCerts":false,"acceptSslCerts":false,"applicationCacheEnabled":false,"browserConnectionEnabled":false,"browserName":"chrome","chrome":{"chromedriverVersion":"88.0.4324.96 (68dba2d8a0b149a1d3afac56fa74648032bcf46b-refs/branch-heads/4324@{#1784})","userDataDir":"/tmp/.com.google.Chrome.5F4JU4"},"cssSelectorsEnabled":true,"databaseEnabled":false,"goog:chromeOptions":{"debuggerAddress":"localhost:44893"},"handlesAlerts":true,"hasTouchScreen":false,"javascriptEnabled":true,"locationContextEnabled":true,"mobileEmulationEnabled":false,"nativeEvents":true,"networkConnectionEnabled":false,"pageLoadStrategy":"normal","platform":"Linux","proxy":{},"rotatable":false,"setWindowRect":true,"strictFileInteractability":false,"takesHeapSnapshot":true,"takesScreenshot":true,"timeouts":{"implicit":0,"pageLoad":300000,"script":30000},"unexpectedAlertBehaviour":"ignore","version":"88.0.4324.150","webStorageEnabled":true,"webauthn:extension:largeBlob":true,"webauthn:virtualAuthenticators":true}}"
17:40:01.001 [Forwarding newSession on session null to remote] DEBUG org.apache.http.headers - http-outgoing-1 << HTTP/1.1 200 OK
17:40:01.001 [Forwarding newSession on session null to remote] DEBUG org.apache.http.headers - http-outgoing-1 << Content-Length:1069
17:40:01.001 [Forwarding newSession on session null to remote] DEBUG org.apache.http.headers - http-outgoing-1 << Content-Type:application/json; charset=utf-8
17:40:01.001 [Forwarding newSession on session null to remote] DEBUG org.apache.http.impl.execchain.MainClientExec - Connection can be kept alive indefinitely
17:40:01.001 [Forwarding newSession on session null to remote] DEBUG org.apache.http.impl.conn.PoolingHttpClientConnectionManager - Connection [id: 1][route: {}->http://localhost:22901] can be kept alive indefinitely
17:40:01.001 [Forwarding newSession on session null to remote] DEBUG org.apache.http.impl.conn.PoolingHttpClientConnectionManager - Connection released: [id: 1][route: {}->http://localhost:22901][total kept alive: 2; route allocated: 1 of 2000; total allocated: 2 of 2000]
17:40:01.004 [Forwarding get on session cfa41b1958a94b670aec430d7bd8af84 to remote] DEBUG org.apache.http.client.protocol.RequestAddCookies - CookieSpec selected: default
17:40:01.004 [Forwarding get on session cfa41b1958a94b670aec430d7bd8af84 to remote] DEBUG org.apache.http.client.protocol.RequestAuthCache - Auth cache not set in the context
17:40:01.004 [Forwarding get on session cfa41b1958a94b670aec430d7bd8af84 to remote] DEBUG org.apache.http.impl.conn.PoolingHttpClientConnectionManager - Connection request: [route: {}->http://localhost:22901][total kept alive: 2; route allocated: 1 of 2000; total allocated: 2 of 2000]
17:40:01.004 [Forwarding get on session cfa41b1958a94b670aec430d7bd8af84 to remote] DEBUG org.apache.http.impl.conn.PoolingHttpClientConnectionManager - Connection leased: [id: 1][route: {}->http://localhost:22901][total kept alive: 1; route allocated: 1 of 2000; total allocated: 2 of 2000]
17:40:01.004 [Forwarding get on session cfa41b1958a94b670aec430d7bd8af84 to remote] DEBUG org.apache.http.impl.execchain.MainClientExec - Stale connection check
17:40:01.005 [Forwarding get on session cfa41b1958a94b670aec430d7bd8af84 to remote] DEBUG org.apache.http.wire - http-outgoing-1 << "[read] I/O error: Read timed out"
17:40:01.005 [Forwarding get on session cfa41b1958a94b670aec430d7bd8af84 to remote] DEBUG org.apache.http.impl.conn.DefaultManagedHttpClientConnection - http-outgoing-1: set socket timeout to 10800000
17:40:01.005 [Forwarding get on session cfa41b1958a94b670aec430d7bd8af84 to remote] DEBUG org.apache.http.impl.execchain.MainClientExec - Executing request POST /session/cfa41b1958a94b670aec430d7bd8af84/url HTTP/1.1
17:40:01.005 [Forwarding get on session cfa41b1958a94b670aec430d7bd8af84 to remote] DEBUG org.apache.http.impl.execchain.MainClientExec - Target auth state: UNCHALLENGED
17:40:01.005 [Forwarding get on session cfa41b1958a94b670aec430d7bd8af84 to remote] DEBUG org.apache.http.impl.execchain.MainClientExec - Proxy auth state: UNCHALLENGED
17:40:01.006 [Forwarding get on session cfa41b1958a94b670aec430d7bd8af84 to remote] DEBUG org.apache.http.headers - http-outgoing-1 >> POST /session/cfa41b1958a94b670aec430d7bd8af84/url HTTP/1.1
17:40:01.006 [Forwarding get on session cfa41b1958a94b670aec430d7bd8af84 to remote] DEBUG org.apache.http.headers - http-outgoing-1 >> Content-Type: application/json; charset=utf-8
17:40:01.006 [Forwarding get on session cfa41b1958a94b670aec430d7bd8af84 to remote] DEBUG org.apache.http.headers - http-outgoing-1 >> Content-Length: 43
17:40:01.006 [Forwarding get on session cfa41b1958a94b670aec430d7bd8af84 to remote] DEBUG org.apache.http.headers - http-outgoing-1 >> Host: localhost:22901
17:40:01.006 [Forwarding get on session cfa41b1958a94b670aec430d7bd8af84 to remote] DEBUG org.apache.http.headers - http-outgoing-1 >> Connection: Keep-Alive
17:40:01.006 [Forwarding get on session cfa41b1958a94b670aec430d7bd8af84 to remote] DEBUG org.apache.http.headers - http-outgoing-1 >> User-Agent: Apache-HttpClient/4.5.3 (Java/1.8.0_265)
17:40:01.006 [Forwarding get on session cfa41b1958a94b670aec430d7bd8af84 to remote] DEBUG org.apache.http.headers - http-outgoing-1 >> Accept-Encoding: gzip,deflate
17:40:01.006 [Forwarding get on session cfa41b1958a94b670aec430d7bd8af84 to remote] DEBUG org.apache.http.wire - http-outgoing-1 >> "POST /session/cfa41b1958a94b670aec430d7bd8af84/url HTTP/1.1[\r][\n]"
17:40:01.006 [Forwarding get on session cfa41b1958a94b670aec430d7bd8af84 to remote] DEBUG org.apache.http.wire - http-outgoing-1 >> "Content-Type: application/json; charset=utf-8[\r][\n]"
17:40:01.006 [Forwarding get on session cfa41b1958a94b670aec430d7bd8af84 to remote] DEBUG org.apache.http.wire - http-outgoing-1 >> "Content-Length: 43[\r][\n]"
17:40:01.006 [Forwarding get on session cfa41b1958a94b670aec430d7bd8af84 to remote] DEBUG org.apache.http.wire - http-outgoing-1 >> "Host: localhost:22901[\r][\n]"
17:40:01.006 [Forwarding get on session cfa41b1958a94b670aec430d7bd8af84 to remote] DEBUG org.apache.http.wire - http-outgoing-1 >> "Connection: Keep-Alive[\r][\n]"
17:40:01.006 [Forwarding get on session cfa41b1958a94b670aec430d7bd8af84 to remote] DEBUG org.apache.http.wire - http-outgoing-1 >> "User-Agent: Apache-HttpClient/4.5.3 (Java/1.8.0_265)[\r][\n]"
17:40:01.006 [Forwarding get on session cfa41b1958a94b670aec430d7bd8af84 to remote] DEBUG org.apache.http.wire - http-outgoing-1 >> "Accept-Encoding: gzip,deflate[\r][\n]"
17:40:01.006 [Forwarding get on session cfa41b1958a94b670aec430d7bd8af84 to remote] DEBUG org.apache.http.wire - http-outgoing-1 >> "[\r][\n]"
17:40:01.006 [Forwarding get on session cfa41b1958a94b670aec430d7bd8af84 to remote] DEBUG org.apache.http.wire - http-outgoing-1 >> "{"url":"http://localhost:8080/calculadora"}"
17:40:01.151 [Forwarding get on session cfa41b1958a94b670aec430d7bd8af84 to remote] DEBUG org.apache.http.wire - http-outgoing-1 << "HTTP/1.1 200 OK[\r][\n]"
17:40:01.151 [Forwarding get on session cfa41b1958a94b670aec430d7bd8af84 to remote] DEBUG org.apache.http.wire - http-outgoing-1 << "Content-Length:72[\r][\n]"
17:40:01.151 [Forwarding get on session cfa41b1958a94b670aec430d7bd8af84 to remote] DEBUG org.apache.http.wire - http-outgoing-1 << "Content-Type:application/json; charset=utf-8[\r][\n]"
17:40:01.151 [Forwarding get on session cfa41b1958a94b670aec430d7bd8af84 to remote] DEBUG org.apache.http.wire - http-outgoing-1 << "[\r][\n]"
17:40:01.151 [Forwarding get on session cfa41b1958a94b670aec430d7bd8af84 to remote] DEBUG org.apache.http.wire - http-outgoing-1 << "{"sessionId":"cfa41b1958a94b670aec430d7bd8af84","status":0,"value":null}"
17:40:01.152 [Forwarding get on session cfa41b1958a94b670aec430d7bd8af84 to remote] DEBUG org.apache.http.headers - http-outgoing-1 << HTTP/1.1 200 OK
17:40:01.152 [Forwarding get on session cfa41b1958a94b670aec430d7bd8af84 to remote] DEBUG org.apache.http.headers - http-outgoing-1 << Content-Length:72
17:40:01.152 [Forwarding get on session cfa41b1958a94b670aec430d7bd8af84 to remote] DEBUG org.apache.http.headers - http-outgoing-1 << Content-Type:application/json; charset=utf-8
17:40:01.152 [Forwarding get on session cfa41b1958a94b670aec430d7bd8af84 to remote] DEBUG org.apache.http.impl.execchain.MainClientExec - Connection can be kept alive indefinitely
17:40:01.152 [Forwarding get on session cfa41b1958a94b670aec430d7bd8af84 to remote] DEBUG org.apache.http.impl.conn.PoolingHttpClientConnectionManager - Connection [id: 1][route: {}->http://localhost:22901] can be kept alive indefinitely
17:40:01.152 [Forwarding get on session cfa41b1958a94b670aec430d7bd8af84 to remote] DEBUG org.apache.http.impl.conn.PoolingHttpClientConnectionManager - Connection released: [id: 1][route: {}->http://localhost:22901][total kept alive: 2; route allocated: 1 of 2000; total allocated: 2 of 2000]
]]></system-out>
    <system-err><![CDATA[Starting ChromeDriver 88.0.4324.96 (68dba2d8a0b149a1d3afac56fa74648032bcf46b-refs/branch-heads/4324@{#1784}) on port 22901
Only local connections are allowed.
Please see https://chromedriver.chromium.org/security-considerations for suggestions on keeping ChromeDriver safe.
ChromeDriver was started successfully.
]]></system-err>
  </testcase>
  <testcase name="testAdd on testAdd(com.example.service.CalculateSimpleTest)" classname="com.example.service.CalculateSimpleTest" time="0.006"/>
  <testcase name="testPower on testPower(com.example.service.CalculateSimpleTest)" classname="com.example.service.CalculateSimpleTest" time="0.002"/>
  <testcase name="testSqrt on testSqrt(com.example.service.CalculateSimpleTest)" classname="com.example.service.CalculateSimpleTest" time="0"/>
  <testcase name="testFactorial on testFactorial(com.example.service.CalculateSimpleTest)" classname="com.example.service.CalculateSimpleTest" time="0"/>
  <testcase name="testFibonacci on testFibonacci(com.example.service.CalculateSimpleTest)" classname="com.example.service.CalculateSimpleTest" time="0"/>
  <testcase name="testSubstract on testSubstract(com.example.service.CalculateSimpleTest)" classname="com.example.service.CalculateSimpleTest" time="0"/>
  <testcase name="testDivide on testDivide(com.example.service.CalculateSimpleTest)" classname="com.example.service.CalculateSimpleTest" time="0"/>
  <testcase name="testMultiply on testMultiply(com.example.service.CalculateSimpleTest)" classname="com.example.service.CalculateSimpleTest" time="0"/>
</testsuite>