<?xml version="1.0" encoding="UTF-8"?>
<testng-results skipped="0" failed="0" ignored="0" total="10" passed="10">
  <reporter-output>
  </reporter-output>
  <suite name="Surefire suite" duration-ms="49100" started-at="2021-02-11T22:39:36Z" finished-at="2021-02-11T22:40:25Z">
    <groups>
    </groups>
    <test name="Surefire test" duration-ms="49100" started-at="2021-02-11T22:39:36Z" finished-at="2021-02-11T22:40:25Z">
      <class name="com.example.service.CalculateSimpleNGTest">
        <test-method status="PASS" signature="setUpMethod()[pri:0, instance:com.example.service.CalculateSimpleNGTest@6276ae34]" name="setUpMethod" is-config="true" duration-ms="907" started-at="2021-02-11T22:39:36Z" finished-at="2021-02-11T22:39:37Z">
          <reporter-output>
          </reporter-output>
        </test-method> <!-- setUpMethod -->
        <test-method status="PASS" signature="testAdd()[pri:0, instance:com.example.service.CalculateSimpleNGTest@6276ae34]" name="testAdd" duration-ms="4434" started-at="2021-02-11T22:39:37Z" finished-at="2021-02-11T22:39:41Z">
          <reporter-output>
          </reporter-output>
        </test-method> <!-- testAdd -->
        <test-method status="PASS" signature="tearDownMethod()[pri:0, instance:com.example.service.CalculateSimpleNGTest@6276ae34]" name="tearDownMethod" is-config="true" duration-ms="69" started-at="2021-02-11T22:39:41Z" finished-at="2021-02-11T22:39:41Z">
          <reporter-output>
          </reporter-output>
        </test-method> <!-- tearDownMethod -->
        <test-method status="PASS" signature="setUpMethod()[pri:0, instance:com.example.service.CalculateSimpleNGTest@6276ae34]" name="setUpMethod" is-config="true" duration-ms="488" started-at="2021-02-11T22:39:41Z" finished-at="2021-02-11T22:39:42Z">
          <reporter-output>
          </reporter-output>
        </test-method> <!-- setUpMethod -->
        <test-method status="PASS" signature="testClear1()[pri:0, instance:com.example.service.CalculateSimpleNGTest@6276ae34]" name="testClear1" duration-ms="4246" started-at="2021-02-11T22:39:42Z" finished-at="2021-02-11T22:39:46Z">
          <reporter-output>
          </reporter-output>
        </test-method> <!-- testClear1 -->
        <test-method status="PASS" signature="tearDownMethod()[pri:0, instance:com.example.service.CalculateSimpleNGTest@6276ae34]" name="tearDownMethod" is-config="true" duration-ms="70" started-at="2021-02-11T22:39:46Z" finished-at="2021-02-11T22:39:46Z">
          <reporter-output>
          </reporter-output>
        </test-method> <!-- tearDownMethod -->
        <test-method status="PASS" signature="setUpMethod()[pri:0, instance:com.example.service.CalculateSimpleNGTest@6276ae34]" name="setUpMethod" is-config="true" duration-ms="449" started-at="2021-02-11T22:39:46Z" finished-at="2021-02-11T22:39:46Z">
          <reporter-output>
          </reporter-output>
        </test-method> <!-- setUpMethod -->
        <test-method status="PASS" signature="testClear2()[pri:0, instance:com.example.service.CalculateSimpleNGTest@6276ae34]" name="testClear2" duration-ms="4199" started-at="2021-02-11T22:39:46Z" finished-at="2021-02-11T22:39:51Z">
          <reporter-output>
          </reporter-output>
        </test-method> <!-- testClear2 -->
        <test-method status="PASS" signature="tearDownMethod()[pri:0, instance:com.example.service.CalculateSimpleNGTest@6276ae34]" name="tearDownMethod" is-config="true" duration-ms="72" started-at="2021-02-11T22:39:51Z" finished-at="2021-02-11T22:39:51Z">
          <reporter-output>
          </reporter-output>
        </test-method> <!-- tearDownMethod -->
        <test-method status="PASS" signature="setUpMethod()[pri:0, instance:com.example.service.CalculateSimpleNGTest@6276ae34]" name="setUpMethod" is-config="true" duration-ms="477" started-at="2021-02-11T22:39:51Z" finished-at="2021-02-11T22:39:51Z">
          <reporter-output>
          </reporter-output>
        </test-method> <!-- setUpMethod -->
        <test-method status="PASS" signature="testDivide()[pri:0, instance:com.example.service.CalculateSimpleNGTest@6276ae34]" name="testDivide" duration-ms="4359" started-at="2021-02-11T22:39:51Z" finished-at="2021-02-11T22:39:56Z">
          <reporter-output>
          </reporter-output>
        </test-method> <!-- testDivide -->
        <test-method status="PASS" signature="tearDownMethod()[pri:0, instance:com.example.service.CalculateSimpleNGTest@6276ae34]" name="tearDownMethod" is-config="true" duration-ms="66" started-at="2021-02-11T22:39:56Z" finished-at="2021-02-11T22:39:56Z">
          <reporter-output>
          </reporter-output>
        </test-method> <!-- tearDownMethod -->
        <test-method status="PASS" signature="setUpMethod()[pri:0, instance:com.example.service.CalculateSimpleNGTest@6276ae34]" name="setUpMethod" is-config="true" duration-ms="505" started-at="2021-02-11T22:39:56Z" finished-at="2021-02-11T22:39:56Z">
          <reporter-output>
          </reporter-output>
        </test-method> <!-- setUpMethod -->
        <test-method status="PASS" signature="testFactorial()[pri:0, instance:com.example.service.CalculateSimpleNGTest@6276ae34]" name="testFactorial" duration-ms="4313" started-at="2021-02-11T22:39:56Z" finished-at="2021-02-11T22:40:00Z">
          <reporter-output>
          </reporter-output>
        </test-method> <!-- testFactorial -->
        <test-method status="PASS" signature="tearDownMethod()[pri:0, instance:com.example.service.CalculateSimpleNGTest@6276ae34]" name="tearDownMethod" is-config="true" duration-ms="68" started-at="2021-02-11T22:40:00Z" finished-at="2021-02-11T22:40:01Z">
          <reporter-output>
          </reporter-output>
        </test-method> <!-- tearDownMethod -->
        <test-method status="PASS" signature="setUpMethod()[pri:0, instance:com.example.service.CalculateSimpleNGTest@6276ae34]" name="setUpMethod" is-config="true" duration-ms="476" started-at="2021-02-11T22:40:01Z" finished-at="2021-02-11T22:40:01Z">
          <reporter-output>
          </reporter-output>
        </test-method> <!-- setUpMethod -->
        <test-method status="PASS" signature="testFibonacci()[pri:0, instance:com.example.service.CalculateSimpleNGTest@6276ae34]" name="testFibonacci" duration-ms="4286" started-at="2021-02-11T22:40:01Z" finished-at="2021-02-11T22:40:05Z">
          <reporter-output>
          </reporter-output>
        </test-method> <!-- testFibonacci -->
        <test-method status="PASS" signature="tearDownMethod()[pri:0, instance:com.example.service.CalculateSimpleNGTest@6276ae34]" name="tearDownMethod" is-config="true" duration-ms="68" started-at="2021-02-11T22:40:05Z" finished-at="2021-02-11T22:40:05Z">
          <reporter-output>
          </reporter-output>
        </test-method> <!-- tearDownMethod -->
        <test-method status="PASS" signature="setUpMethod()[pri:0, instance:com.example.service.CalculateSimpleNGTest@6276ae34]" name="setUpMethod" is-config="true" duration-ms="472" started-at="2021-02-11T22:40:05Z" finished-at="2021-02-11T22:40:06Z">
          <reporter-output>
          </reporter-output>
        </test-method> <!-- setUpMethod -->
        <test-method status="PASS" signature="testMultiply()[pri:0, instance:com.example.service.CalculateSimpleNGTest@6276ae34]" name="testMultiply" duration-ms="4397" started-at="2021-02-11T22:40:06Z" finished-at="2021-02-11T22:40:10Z">
          <reporter-output>
          </reporter-output>
        </test-method> <!-- testMultiply -->
        <test-method status="PASS" signature="tearDownMethod()[pri:0, instance:com.example.service.CalculateSimpleNGTest@6276ae34]" name="tearDownMethod" is-config="true" duration-ms="69" started-at="2021-02-11T22:40:10Z" finished-at="2021-02-11T22:40:10Z">
          <reporter-output>
          </reporter-output>
        </test-method> <!-- tearDownMethod -->
        <test-method status="PASS" signature="setUpMethod()[pri:0, instance:com.example.service.CalculateSimpleNGTest@6276ae34]" name="setUpMethod" is-config="true" duration-ms="474" started-at="2021-02-11T22:40:10Z" finished-at="2021-02-11T22:40:11Z">
          <reporter-output>
          </reporter-output>
        </test-method> <!-- setUpMethod -->
        <test-method status="PASS" signature="testPower()[pri:0, instance:com.example.service.CalculateSimpleNGTest@6276ae34]" name="testPower" duration-ms="4340" started-at="2021-02-11T22:40:11Z" finished-at="2021-02-11T22:40:15Z">
          <reporter-output>
          </reporter-output>
        </test-method> <!-- testPower -->
        <test-method status="PASS" signature="tearDownMethod()[pri:0, instance:com.example.service.CalculateSimpleNGTest@6276ae34]" name="tearDownMethod" is-config="true" duration-ms="66" started-at="2021-02-11T22:40:15Z" finished-at="2021-02-11T22:40:15Z">
          <reporter-output>
          </reporter-output>
        </test-method> <!-- tearDownMethod -->
        <test-method status="PASS" signature="setUpMethod()[pri:0, instance:com.example.service.CalculateSimpleNGTest@6276ae34]" name="setUpMethod" is-config="true" duration-ms="478" started-at="2021-02-11T22:40:15Z" finished-at="2021-02-11T22:40:16Z">
          <reporter-output>
          </reporter-output>
        </test-method> <!-- setUpMethod -->
        <test-method status="PASS" signature="testSqrt()[pri:0, instance:com.example.service.CalculateSimpleNGTest@6276ae34]" name="testSqrt" duration-ms="4282" started-at="2021-02-11T22:40:16Z" finished-at="2021-02-11T22:40:20Z">
          <reporter-output>
          </reporter-output>
        </test-method> <!-- testSqrt -->
        <test-method status="PASS" signature="tearDownMethod()[pri:0, instance:com.example.service.CalculateSimpleNGTest@6276ae34]" name="tearDownMethod" is-config="true" duration-ms="69" started-at="2021-02-11T22:40:20Z" finished-at="2021-02-11T22:40:20Z">
          <reporter-output>
          </reporter-output>
        </test-method> <!-- tearDownMethod -->
        <test-method status="PASS" signature="setUpMethod()[pri:0, instance:com.example.service.CalculateSimpleNGTest@6276ae34]" name="setUpMethod" is-config="true" duration-ms="478" started-at="2021-02-11T22:40:20Z" finished-at="2021-02-11T22:40:21Z">
          <reporter-output>
          </reporter-output>
        </test-method> <!-- setUpMethod -->
        <test-method status="PASS" signature="testSubstract()[pri:0, instance:com.example.service.CalculateSimpleNGTest@6276ae34]" name="testSubstract" duration-ms="4326" started-at="2021-02-11T22:40:21Z" finished-at="2021-02-11T22:40:25Z">
          <reporter-output>
          </reporter-output>
        </test-method> <!-- testSubstract -->
        <test-method status="PASS" signature="tearDownMethod()[pri:0, instance:com.example.service.CalculateSimpleNGTest@6276ae34]" name="tearDownMethod" is-config="true" duration-ms="67" started-at="2021-02-11T22:40:25Z" finished-at="2021-02-11T22:40:25Z">
          <reporter-output>
          </reporter-output>
        </test-method> <!-- tearDownMethod -->
      </class> <!-- com.example.service.CalculateSimpleNGTest -->
    </test> <!-- Surefire test -->
  </suite> <!-- Surefire suite -->
</testng-results>
