<?xml version="1.0" encoding="UTF-8"?>
<testng-results skipped="0" failed="0" ignored="0" total="8" passed="8">
  <reporter-output>
  </reporter-output>
  <suite name="Surefire suite" duration-ms="91" started-at="2021-02-11T21:40:01Z" finished-at="2021-02-11T21:40:01Z">
    <groups>
    </groups>
    <test name="Surefire test" duration-ms="91" started-at="2021-02-11T21:40:01Z" finished-at="2021-02-11T21:40:01Z">
      <class name="com.example.service.CalculateSimpleTest">
        <test-method status="PASS" signature="testFibonacci()" name="testFibonacci" duration-ms="27" started-at="2021-02-11T21:40:01Z" finished-at="2021-02-11T21:40:01Z">
          <reporter-output>
          </reporter-output>
        </test-method> <!-- testFibonacci -->
        <test-method status="PASS" signature="testAdd()" name="testAdd" duration-ms="22" started-at="2021-02-11T21:40:01Z" finished-at="2021-02-11T21:40:01Z">
          <reporter-output>
          </reporter-output>
        </test-method> <!-- testAdd -->
        <test-method status="PASS" signature="testFactorial()" name="testFactorial" duration-ms="27" started-at="2021-02-11T21:40:01Z" finished-at="2021-02-11T21:40:01Z">
          <reporter-output>
          </reporter-output>
        </test-method> <!-- testFactorial -->
        <test-method status="PASS" signature="testSubstract()" name="testSubstract" duration-ms="27" started-at="2021-02-11T21:40:01Z" finished-at="2021-02-11T21:40:01Z">
          <reporter-output>
          </reporter-output>
        </test-method> <!-- testSubstract -->
        <test-method status="PASS" signature="testDivide()" name="testDivide" duration-ms="27" started-at="2021-02-11T21:40:01Z" finished-at="2021-02-11T21:40:01Z">
          <reporter-output>
          </reporter-output>
        </test-method> <!-- testDivide -->
        <test-method status="PASS" signature="testPower()" name="testPower" duration-ms="24" started-at="2021-02-11T21:40:01Z" finished-at="2021-02-11T21:40:01Z">
          <reporter-output>
          </reporter-output>
        </test-method> <!-- testPower -->
        <test-method status="PASS" signature="testSqrt()" name="testSqrt" duration-ms="26" started-at="2021-02-11T21:40:01Z" finished-at="2021-02-11T21:40:01Z">
          <reporter-output>
          </reporter-output>
        </test-method> <!-- testSqrt -->
        <test-method status="PASS" signature="testMultiply()" name="testMultiply" duration-ms="26" started-at="2021-02-11T21:40:01Z" finished-at="2021-02-11T21:40:01Z">
          <reporter-output>
          </reporter-output>
        </test-method> <!-- testMultiply -->
      </class> <!-- com.example.service.CalculateSimpleTest -->
    </test> <!-- Surefire test -->
  </suite> <!-- Surefire suite -->
</testng-results>
